processing (0, 0) count= 0
processing (0, 1) count= 1
processing (1, 0) count= 1
processing (0, 0) count= 2
processing (0, 0) count= 2
processing (0, 2) count= 2
processing (1, 1) count= 2
processing (1, 1) count= 2
processing (2, 0) count= 2
processing (0, 1) count= 3
processing (0, 1) count= 3
processing (1, 0) count= 3
processing (1, 0) count= 3
processing (1, 2) count= 3
processing (1, 2) count= 3
processing (2, 1) count= 3
processing (3, 0) count= 3
processing (0, 2) count= 4
processing (1, 1) count= 4
processing (1, 1) count= 4
processing (2, 0) count= 4
processing (2, 0) count= 4
processing (2, 2) count= 4
processing (2, 2) count= 4
processing (3, 1) count= 4
processing (4, 0) count= 4
processing (1, 2) count= 5
processing (2, 1) count= 5
processing (2, 1) count= 5
processing (3, 0) count= 5
processing (3, 0) count= 5
processing (3, 2) count= 5
processing (3, 2) count= 5
processing (4, 1) count= 5
processing (4, 1) count= 5
processing (2, 2) count= 6
processing (3, 1) count= 6
processing (3, 1) count= 6
processing (4, 0) count= 6
processing (4, 2) count= 6
processing (3, 2) count= 7
processing (4, 1) count= 7
processing (4, 3) count= 7
processing (4, 2) count= 8
processing (4, 4) count= 8
processing (4, 3) count= 9
processing (4, 5) count= 9
processing (4, 4) count= 10
processing (4, 6) count= 10
processing (4, 5) count= 11
processing (4, 7) count= 11
processing (3, 7) count= 12
processing (4, 6) count= 12
processing (2, 7) count= 13
processing (4, 7) count= 13
processing (1, 7) count= 14
processing (3, 7) count= 14
processing (0, 7) count= 15
processing (2, 7) count= 15
processing (0, 6) count= 16
processing (1, 7) count= 16
processing (0, 5) count= 17
processing (0, 7) count= 17
processing (0, 4) count= 18
processing (0, 6) count= 18
processing (0, 3) count= 19
processing (0, 5) count= 19
processing (0, 2) count= 20
processing (0, 4) count= 20
processing (1, 3) count= 20
processing (0, 3) count= 21
processing (1, 2) count= 21
processing (2, 3) count= 21
processing (1, 3) count= 22
processing (2, 2) count= 22
processing (3, 3) count= 22
processing (2, 3) count= 23
processing (3, 2) count= 23
processing (3, 4) count= 23
processing (4, 3) count= 23
processing (3, 3) count= 24
processing (3, 5) count= 24
processing (4, 4) count= 24
processing (3, 4) count= 25
processing (3, 6) count= 25
processing (4, 5) count= 25
processing (2, 6) count= 26
processing (3, 5) count= 26
processing (3, 7) count= 26
processing (4, 6) count= 26
processing (1, 6) count= 27
processing (2, 7) count= 27
processing (3, 6) count= 27
processing (0, 6) count= 28
processing (1, 5) count= 28
processing (1, 7) count= 28
processing (2, 6) count= 28
processing (0, 5) count= 29
processing (1, 4) count= 29
processing (1, 6) count= 29
processing (0, 4) count= 30
processing (1, 3) count= 30
processing (1, 5) count= 30
processing (2, 4) count= 30
processing (1, 4) count= 31
processing (2, 3) count= 31
processing (2, 5) count= 31
31
processing (0, 0) count= 0
processing (0, 1) count= 1
processing (1, 0) count= 1
processing (0, 0) count= 2
processing (0, 0) count= 2
processing (0, 2) count= 2
processing (1, 1) count= 2
processing (1, 1) count= 2
processing (2, 0) count= 2
processing (0, 1) count= 3
processing (0, 1) count= 3
processing (1, 0) count= 3
processing (1, 0) count= 3
processing (1, 2) count= 3
processing (1, 2) count= 3
processing (2, 1) count= 3
processing (3, 0) count= 3
processing (0, 2) count= 4
processing (1, 1) count= 4
processing (1, 1) count= 4
processing (2, 0) count= 4
processing (2, 0) count= 4
processing (2, 2) count= 4
processing (2, 2) count= 4
processing (3, 1) count= 4
processing (4, 0) count= 4
processing (1, 2) count= 5
processing (2, 1) count= 5
processing (2, 1) count= 5
processing (3, 0) count= 5
processing (3, 0) count= 5
processing (3, 2) count= 5
processing (3, 2) count= 5
processing (4, 1) count= 5
processing (4, 1) count= 5
processing (2, 2) count= 6
processing (3, 1) count= 6
processing (3, 1) count= 6
processing (4, 0) count= 6
processing (4, 2) count= 6
processing (3, 2) count= 7
processing (4, 1) count= 7
processing (4, 3) count= 7
processing (4, 2) count= 8
processing (4, 4) count= 8
processing (4, 3) count= 9
processing (4, 5) count= 9
processing (4, 4) count= 10
processing (4, 6) count= 10
processing (4, 5) count= 11
processing (4, 7) count= 11
processing (3, 7) count= 12
processing (4, 6) count= 12
processing (2, 7) count= 13
processing (4, 7) count= 13
processing (1, 7) count= 14
processing (3, 7) count= 14
processing (0, 7) count= 15
processing (2, 7) count= 15
processing (0, 6) count= 16
processing (1, 7) count= 16
processing (0, 5) count= 17
processing (0, 7) count= 17
processing (0, 4) count= 18
processing (0, 6) count= 18
processing (0, 3) count= 19
processing (0, 5) count= 19
processing (0, 2) count= 20
processing (0, 4) count= 20
processing (1, 3) count= 20
processing (0, 3) count= 21
processing (1, 2) count= 21
processing (2, 3) count= 21
processing (1, 3) count= 22
processing (2, 2) count= 22
processing (3, 3) count= 22
processing (2, 3) count= 23
processing (3, 2) count= 23
processing (3, 4) count= 23
processing (4, 3) count= 23
processing (3, 3) count= 24
processing (3, 5) count= 24
processing (4, 4) count= 24
processing (3, 4) count= 25
processing (3, 6) count= 25
processing (4, 5) count= 25
processing (2, 6) count= 26
processing (3, 5) count= 26
processing (3, 7) count= 26
processing (4, 6) count= 26
processing (1, 6) count= 27
processing (2, 7) count= 27
processing (3, 6) count= 27
processing (0, 6) count= 28
processing (1, 5) count= 28
processing (1, 7) count= 28
processing (2, 6) count= 28
processing (0, 5) count= 29
processing (1, 4) count= 29
processing (1, 6) count= 29
processing (0, 4) count= 30
processing (1, 3) count= 30
processing (1, 5) count= 30
processing (2, 4) count= 30
processing (1, 4) count= 31
processing (2, 3) count= 31
processing (2, 5) count= 31
processing (0, 1) count= 0
processing (0, 0) count= 1
processing (0, 2) count= 1
processing (1, 1) count= 1
processing (0, 1) count= 2
processing (0, 1) count= 2
processing (0, 1) count= 2
processing (1, 0) count= 2
processing (1, 0) count= 2
processing (1, 2) count= 2
processing (1, 2) count= 2
processing (2, 1) count= 2
processing (0, 0) count= 3
processing (0, 2) count= 3
processing (1, 1) count= 3
processing (1, 1) count= 3
processing (1, 1) count= 3
processing (2, 0) count= 3
processing (2, 0) count= 3
processing (2, 2) count= 3
processing (2, 2) count= 3
processing (3, 1) count= 3
processing (1, 0) count= 4
processing (1, 2) count= 4
processing (2, 1) count= 4
processing (2, 1) count= 4
processing (3, 0) count= 4
processing (3, 0) count= 4
processing (3, 2) count= 4
processing (3, 2) count= 4
processing (4, 1) count= 4
processing (2, 0) count= 5
processing (2, 2) count= 5
processing (3, 1) count= 5
processing (3, 1) count= 5
processing (4, 0) count= 5
processing (4, 0) count= 5
processing (4, 2) count= 5
processing (3, 0) count= 6
processing (3, 2) count= 6
processing (4, 1) count= 6
processing (4, 1) count= 6
processing (4, 3) count= 6
processing (4, 2) count= 7
processing (4, 4) count= 7
processing (4, 3) count= 8
processing (4, 5) count= 8
processing (4, 4) count= 9
processing (4, 6) count= 9
processing (4, 5) count= 10
processing (4, 7) count= 10
processing (3, 7) count= 11
processing (4, 6) count= 11
processing (2, 7) count= 12
processing (4, 7) count= 12
processing (1, 7) count= 13
processing (3, 7) count= 13
processing (0, 7) count= 14
processing (2, 7) count= 14
processing (0, 6) count= 15
processing (1, 7) count= 15
processing (0, 5) count= 16
processing (0, 7) count= 16
processing (0, 4) count= 17
processing (0, 6) count= 17
processing (0, 3) count= 18
processing (0, 5) count= 18
processing (0, 2) count= 19
processing (0, 4) count= 19
processing (1, 3) count= 19
processing (0, 3) count= 20
processing (1, 2) count= 20
processing (2, 3) count= 20
processing (1, 3) count= 21
processing (2, 2) count= 21
processing (3, 3) count= 21
processing (2, 3) count= 22
processing (3, 2) count= 22
processing (3, 4) count= 22
processing (4, 3) count= 22
processing (3, 3) count= 23
processing (3, 5) count= 23
processing (4, 4) count= 23
processing (3, 4) count= 24
processing (3, 6) count= 24
processing (4, 5) count= 24
processing (2, 6) count= 25
processing (3, 5) count= 25
processing (3, 7) count= 25
processing (4, 6) count= 25
processing (1, 6) count= 26
processing (2, 7) count= 26
processing (3, 6) count= 26
processing (0, 6) count= 27
processing (1, 5) count= 27
processing (1, 7) count= 27
processing (2, 6) count= 27
processing (0, 5) count= 28
processing (1, 4) count= 28
processing (1, 6) count= 28
processing (0, 4) count= 29
processing (1, 3) count= 29
processing (1, 5) count= 29
processing (2, 4) count= 29
processing (1, 4) count= 30
processing (2, 3) count= 30
processing (2, 5) count= 30
processing (1, 0) count= 0
processing (0, 0) count= 1
processing (1, 1) count= 1
processing (2, 0) count= 1
processing (0, 1) count= 2
processing (0, 1) count= 2
processing (1, 0) count= 2
processing (1, 0) count= 2
processing (1, 0) count= 2
processing (1, 2) count= 2
processing (2, 1) count= 2
processing (3, 0) count= 2
processing (0, 0) count= 3
processing (0, 2) count= 3
processing (0, 2) count= 3
processing (1, 1) count= 3
processing (1, 1) count= 3
processing (1, 1) count= 3
processing (2, 0) count= 3
processing (2, 0) count= 3
processing (2, 2) count= 3
processing (2, 2) count= 3
processing (3, 1) count= 3
processing (4, 0) count= 3
processing (0, 1) count= 4
processing (1, 2) count= 4
processing (1, 2) count= 4
processing (2, 1) count= 4
processing (2, 1) count= 4
processing (3, 0) count= 4
processing (3, 0) count= 4
processing (3, 2) count= 4
processing (3, 2) count= 4
processing (4, 1) count= 4
processing (4, 1) count= 4
processing (2, 2) count= 5
processing (3, 1) count= 5
processing (3, 1) count= 5
processing (4, 0) count= 5
processing (4, 2) count= 5
processing (3, 2) count= 6
processing (4, 1) count= 6
processing (4, 3) count= 6
processing (4, 2) count= 7
processing (4, 4) count= 7
processing (4, 3) count= 8
processing (4, 5) count= 8
processing (4, 4) count= 9
processing (4, 6) count= 9
processing (4, 5) count= 10
processing (4, 7) count= 10
processing (3, 7) count= 11
processing (4, 6) count= 11
processing (2, 7) count= 12
processing (4, 7) count= 12
processing (1, 7) count= 13
processing (3, 7) count= 13
processing (0, 7) count= 14
processing (2, 7) count= 14
processing (0, 6) count= 15
processing (1, 7) count= 15
processing (0, 5) count= 16
processing (0, 7) count= 16
processing (0, 4) count= 17
processing (0, 6) count= 17
processing (0, 3) count= 18
processing (0, 5) count= 18
processing (0, 2) count= 19
processing (0, 4) count= 19
processing (1, 3) count= 19
processing (0, 3) count= 20
processing (1, 2) count= 20
processing (2, 3) count= 20
processing (1, 3) count= 21
processing (2, 2) count= 21
processing (3, 3) count= 21
processing (2, 3) count= 22
processing (3, 2) count= 22
processing (3, 4) count= 22
processing (4, 3) count= 22
processing (3, 3) count= 23
processing (3, 5) count= 23
processing (4, 4) count= 23
processing (3, 4) count= 24
processing (3, 6) count= 24
processing (4, 5) count= 24
processing (2, 6) count= 25
processing (3, 5) count= 25
processing (3, 7) count= 25
processing (4, 6) count= 25
processing (1, 6) count= 26
processing (2, 7) count= 26
processing (3, 6) count= 26
processing (0, 6) count= 27
processing (1, 5) count= 27
processing (1, 7) count= 27
processing (2, 6) count= 27
processing (0, 5) count= 28
processing (1, 4) count= 28
processing (1, 6) count= 28
processing (0, 4) count= 29
processing (1, 3) count= 29
processing (1, 5) count= 29
processing (2, 4) count= 29
processing (1, 4) count= 30
processing (2, 3) count= 30
processing (2, 5) count= 30
processing (2, 0) count= 0
processing (1, 0) count= 1
processing (3, 0) count= 1
processing (0, 0) count= 2
processing (1, 1) count= 2
processing (2, 0) count= 2
processing (2, 0) count= 2
processing (4, 0) count= 2
processing (0, 1) count= 3
processing (0, 1) count= 3
processing (1, 0) count= 3
processing (1, 0) count= 3
processing (1, 2) count= 3
processing (2, 1) count= 3
processing (3, 0) count= 3
processing (4, 1) count= 3
processing (0, 0) count= 4
processing (0, 2) count= 4
processing (0, 2) count= 4
processing (1, 1) count= 4
processing (1, 1) count= 4
processing (1, 1) count= 4
processing (2, 0) count= 4
processing (2, 2) count= 4
processing (2, 2) count= 4
processing (3, 1) count= 4
processing (3, 1) count= 4
processing (4, 0) count= 4
processing (0, 1) count= 5
processing (1, 2) count= 5
processing (1, 2) count= 5
processing (2, 1) count= 5
processing (2, 1) count= 5
processing (3, 0) count= 5
processing (3, 2) count= 5
processing (3, 2) count= 5
processing (4, 1) count= 5
processing (2, 2) count= 6
processing (3, 1) count= 6
processing (4, 2) count= 6
processing (3, 2) count= 7
processing (4, 1) count= 7
processing (4, 3) count= 7
processing (4, 2) count= 8
processing (4, 4) count= 8
processing (4, 3) count= 9
processing (4, 5) count= 9
processing (4, 4) count= 10
processing (4, 6) count= 10
processing (4, 5) count= 11
processing (4, 7) count= 11
processing (3, 7) count= 12
processing (4, 6) count= 12
processing (2, 7) count= 13
processing (4, 7) count= 13
processing (1, 7) count= 14
processing (3, 7) count= 14
processing (0, 7) count= 15
processing (2, 7) count= 15
processing (0, 6) count= 16
processing (1, 7) count= 16
processing (0, 5) count= 17
processing (0, 7) count= 17
processing (0, 4) count= 18
processing (0, 6) count= 18
processing (0, 3) count= 19
processing (0, 5) count= 19
processing (0, 2) count= 20
processing (0, 4) count= 20
processing (1, 3) count= 20
processing (0, 3) count= 21
processing (1, 2) count= 21
processing (2, 3) count= 21
processing (1, 3) count= 22
processing (2, 2) count= 22
processing (3, 3) count= 22
processing (2, 3) count= 23
processing (3, 2) count= 23
processing (3, 4) count= 23
processing (4, 3) count= 23
processing (3, 3) count= 24
processing (3, 5) count= 24
processing (4, 4) count= 24
processing (3, 4) count= 25
processing (3, 6) count= 25
processing (4, 5) count= 25
processing (2, 6) count= 26
processing (3, 5) count= 26
processing (3, 7) count= 26
processing (4, 6) count= 26
processing (1, 6) count= 27
processing (2, 7) count= 27
processing (3, 6) count= 27
processing (0, 6) count= 28
processing (1, 5) count= 28
processing (1, 7) count= 28
processing (2, 6) count= 28
processing (0, 5) count= 29
processing (1, 4) count= 29
processing (1, 6) count= 29
processing (0, 4) count= 30
processing (1, 3) count= 30
processing (1, 5) count= 30
processing (2, 4) count= 30
processing (1, 4) count= 31
processing (2, 3) count= 31
processing (2, 5) count= 31
processing (3, 0) count= 0
processing (2, 0) count= 1
processing (4, 0) count= 1
processing (1, 0) count= 2
processing (3, 0) count= 2
processing (3, 0) count= 2
processing (4, 1) count= 2
processing (0, 0) count= 3
processing (1, 1) count= 3
processing (2, 0) count= 3
processing (3, 1) count= 3
processing (4, 0) count= 3
processing (0, 1) count= 4
processing (0, 1) count= 4
processing (1, 0) count= 4
processing (1, 0) count= 4
processing (1, 2) count= 4
processing (2, 1) count= 4
processing (2, 1) count= 4
processing (3, 0) count= 4
processing (3, 2) count= 4
processing (4, 1) count= 4
processing (0, 0) count= 5
processing (0, 2) count= 5
processing (0, 2) count= 5
processing (1, 1) count= 5
processing (1, 1) count= 5
processing (1, 1) count= 5
processing (2, 0) count= 5
processing (2, 2) count= 5
processing (2, 2) count= 5
processing (2, 2) count= 5
processing (3, 1) count= 5
processing (3, 1) count= 5
processing (4, 2) count= 5
processing (0, 1) count= 6
processing (1, 2) count= 6
processing (1, 2) count= 6
processing (2, 1) count= 6
processing (3, 2) count= 6
processing (3, 2) count= 6
processing (4, 1) count= 6
processing (4, 3) count= 6
processing (4, 2) count= 7
processing (4, 4) count= 7
processing (4, 3) count= 8
processing (4, 5) count= 8
processing (4, 4) count= 9
processing (4, 6) count= 9
processing (4, 5) count= 10
processing (4, 7) count= 10
processing (3, 7) count= 11
processing (4, 6) count= 11
processing (2, 7) count= 12
processing (4, 7) count= 12
processing (1, 7) count= 13
processing (3, 7) count= 13
processing (0, 7) count= 14
processing (2, 7) count= 14
processing (0, 6) count= 15
processing (1, 7) count= 15
processing (0, 5) count= 16
processing (0, 7) count= 16
processing (0, 4) count= 17
processing (0, 6) count= 17
processing (0, 3) count= 18
processing (0, 5) count= 18
processing (0, 2) count= 19
processing (0, 4) count= 19
processing (1, 3) count= 19
processing (0, 3) count= 20
processing (1, 2) count= 20
processing (2, 3) count= 20
processing (1, 3) count= 21
processing (2, 2) count= 21
processing (3, 3) count= 21
processing (2, 3) count= 22
processing (3, 2) count= 22
processing (3, 4) count= 22
processing (4, 3) count= 22
processing (3, 3) count= 23
processing (3, 5) count= 23
processing (4, 4) count= 23
processing (3, 4) count= 24
processing (3, 6) count= 24
processing (4, 5) count= 24
processing (2, 6) count= 25
processing (3, 5) count= 25
processing (3, 7) count= 25
processing (4, 6) count= 25
processing (1, 6) count= 26
processing (2, 7) count= 26
processing (3, 6) count= 26
processing (0, 6) count= 27
processing (1, 5) count= 27
processing (1, 7) count= 27
processing (2, 6) count= 27
processing (0, 5) count= 28
processing (1, 4) count= 28
processing (1, 6) count= 28
processing (0, 4) count= 29
processing (1, 3) count= 29
processing (1, 5) count= 29
processing (2, 4) count= 29
processing (1, 4) count= 30
processing (2, 3) count= 30
processing (2, 5) count= 30
processing (4, 0) count= 0
processing (3, 0) count= 1
processing (4, 1) count= 1
processing (2, 0) count= 2
processing (3, 1) count= 2
processing (4, 0) count= 2
processing (4, 0) count= 2
processing (1, 0) count= 3
processing (2, 1) count= 3
processing (3, 0) count= 3
processing (3, 0) count= 3
processing (3, 2) count= 3
processing (4, 1) count= 3
processing (0, 0) count= 4
processing (1, 1) count= 4
processing (1, 1) count= 4
processing (2, 0) count= 4
processing (2, 0) count= 4
processing (2, 2) count= 4
processing (2, 2) count= 4
processing (3, 1) count= 4
processing (3, 1) count= 4
processing (4, 2) count= 4
processing (0, 1) count= 5
processing (0, 1) count= 5
processing (1, 0) count= 5
processing (1, 0) count= 5
processing (1, 2) count= 5
processing (1, 2) count= 5
processing (2, 1) count= 5
processing (2, 1) count= 5
processing (3, 2) count= 5
processing (3, 2) count= 5
processing (4, 1) count= 5
processing (4, 3) count= 5
processing (0, 0) count= 6
processing (0, 2) count= 6
processing (0, 2) count= 6
processing (1, 1) count= 6
processing (1, 1) count= 6
processing (2, 2) count= 6
processing (4, 2) count= 6
processing (4, 4) count= 6
processing (0, 1) count= 7
processing (1, 2) count= 7
processing (4, 3) count= 7
processing (4, 5) count= 7
processing (4, 4) count= 8
processing (4, 6) count= 8
processing (4, 5) count= 9
processing (4, 7) count= 9
processing (3, 7) count= 10
processing (4, 6) count= 10
processing (2, 7) count= 11
processing (4, 7) count= 11
processing (1, 7) count= 12
processing (3, 7) count= 12
processing (0, 7) count= 13
processing (2, 7) count= 13
processing (0, 6) count= 14
processing (1, 7) count= 14
processing (0, 5) count= 15
processing (0, 7) count= 15
processing (0, 4) count= 16
processing (0, 6) count= 16
processing (0, 3) count= 17
processing (0, 5) count= 17
processing (0, 2) count= 18
processing (0, 4) count= 18
processing (1, 3) count= 18
processing (0, 3) count= 19
processing (1, 2) count= 19
processing (2, 3) count= 19
processing (1, 3) count= 20
processing (2, 2) count= 20
processing (3, 3) count= 20
processing (2, 3) count= 21
processing (3, 2) count= 21
processing (3, 4) count= 21
processing (4, 3) count= 21
processing (3, 3) count= 22
processing (3, 5) count= 22
processing (4, 4) count= 22
processing (3, 4) count= 23
processing (3, 6) count= 23
processing (4, 5) count= 23
processing (2, 6) count= 24
processing (3, 5) count= 24
processing (3, 7) count= 24
processing (4, 6) count= 24
processing (1, 6) count= 25
processing (2, 7) count= 25
processing (3, 6) count= 25
processing (0, 6) count= 26
processing (1, 5) count= 26
processing (1, 7) count= 26
processing (2, 6) count= 26
processing (0, 5) count= 27
processing (1, 4) count= 27
processing (1, 6) count= 27
processing (0, 4) count= 28
processing (1, 3) count= 28
processing (1, 5) count= 28
processing (2, 4) count= 28
processing (1, 4) count= 29
processing (2, 3) count= 29
processing (2, 5) count= 29
29
