starting nodes ['79:0:10', '98:0:6', '54:1:16', '65:1:8', '75:1:18', '74:1:17', '79:2:1', '60:2:8', '97:2:6', '74:3:6']
Graph version:
79:0:10 -> 79:3:11
79:3:11 -> 79:1:3
79:1:3 -> 79:0:10
98:0:6 -> 98:3:13
98:3:13 -> 98:1:3
98:1:3 -> 98:0:6
54:1:16 -> 54:0:8
54:0:8 -> 54:3:3
54:3:3 -> 54:1:16
65:1:8 -> 65:0:19
65:0:19 -> 65:3:14
65:3:14 -> 65:1:8
75:1:18 -> 75:0:6
75:0:6 -> 75:3:7
75:3:7 -> 75:1:18
74:1:17 -> 74:0:5
74:0:5 -> 74:3:6
74:3:6 -> 74:1:17
79:2:1 -> 79:3:11
60:2:8 -> 60:3:9
60:3:9 -> 60:1:3
60:1:3 -> 60:0:14
60:0:14 -> 60:3:9
97:2:6 -> 97:3:12
97:3:12 -> 97:1:2
97:1:2 -> 97:0:5
97:0:5 -> 97:3:12
round 0
['79:1:3', '98:1:3', '54:0:8', '65:0:19', '75:0:6', '74:0:5', '79:1:3', '60:1:3', '97:1:2', '74:1:17'] [2, 4, 3, 6] 

inspections [2, 4, 3, 6]
round 1
['79:0:10', '98:0:6', '54:1:16', '65:1:8', '75:1:18', '74:1:17', '79:0:10', '60:0:14', '97:0:5', '74:0:5'] [6, 10, 3, 10] 

inspections [6, 10, 3, 10]
round 2
['79:1:3', '98:1:3', '54:0:8', '65:0:19', '75:0:6', '74:0:5', '79:1:3', '60:1:3', '97:1:2', '74:1:17'] [12, 14, 3, 16] 

inspections [12, 14, 3, 16]
round 3
['79:0:10', '98:0:6', '54:1:16', '65:1:8', '75:1:18', '74:1:17', '79:0:10', '60:0:14', '97:0:5', '74:0:5'] [16, 20, 3, 20] 

inspections [16, 20, 3, 20]
round 4
['79:1:3', '98:1:3', '54:0:8', '65:0:19', '75:0:6', '74:0:5', '79:1:3', '60:1:3', '97:1:2', '74:1:17'] [22, 24, 3, 26] 

inspections [22, 24, 3, 26]
Monkey Busines 624
