[3, 3, 3, 4, 3, 0, 4, 2, 0, 3, 1, 3, 2, 0, 4, 4, 2, 5, 1, 5, 2, 2, 0, 0, 6, 2, 2, 6, 6, 5, 2, 6, 4, 2, 1, 2, 2, 4, 5, 0, 4, 5, 1, 6, 7, 2, 5, 2, 6, 0, 5, 1, 0, 4, 2, 0, 0, 4, 1, 3, 1, 6, 4, 2, 1, 2, 6, 6, 0, 3, 5, 0, 6, 2, 4, 6, 3, 2, 2, 0, 2, 4, 1, 3, 4, 1, 0, 0, 2, 1, 1, 1, 2, 0, 4, 0, 3, 0, 3]
[1, 3, 4, 0, 3, 2, 1, 0, 0, 4, 2, 2, 5, 1, 0, 2, 4, 5, 1, 0, 6, 5, 1, 0, 0, 4, 0, 2, 6, 4, 6, 6, 3, 3, 6, 2, 5, 0, 3, 4, 2, 2, 5, 4, 1, 0, 4, 1, 5, 0, 5, 3, 5, 7, 6, 2, 1, 4, 7, 6, 7, 0, 3, 4, 2, 0, 1, 1, 4, 1, 2, 2, 4, 6, 5, 1, 6, 5, 6, 4, 3, 5, 2, 4, 2, 5, 3, 3, 5, 4, 0, 2, 5, 0, 3, 0, 1, 3, 0]
[2, 1, 0, 4, 4, 0, 1, 2, 4, 1, 4, 4, 2, 0, 0, 4, 0, 1, 0, 0, 2, 0, 4, 1, 2, 3, 1, 0, 2, 5, 0, 1, 5, 6, 1, 0, 0, 6, 1, 6, 1, 2, 0, 5, 7, 5, 2, 2, 1, 0, 5, 7, 7, 4, 7, 1, 6, 3, 4, 6, 6, 0, 0, 3, 2, 7, 1, 3, 2, 5, 5, 3, 3, 0, 5, 6, 3, 0, 1, 0, 2, 1, 5, 2, 1, 1, 2, 5, 3, 3, 0, 2, 4, 0, 4, 1, 2, 4, 2]
[0, 1, 3, 2, 3, 3, 0, 2, 5, 4, 4, 2, 4, 4, 2, 5, 0, 2, 5, 1, 3, 6, 5, 2, 0, 2, 4, 2, 0, 1, 3, 2, 2, 4, 3, 5, 5, 0, 0, 5, 2, 3, 1, 6, 5, 6, 1, 2, 1, 4, 1, 3, 3, 7, 6, 7, 2, 6, 7, 4, 7, 7, 3, 0, 1, 1, 0, 1, 6, 5, 0, 3, 5, 1, 3, 3, 0, 4, 2, 3, 3, 0, 6, 4, 5, 2, 1, 1, 5, 2, 3, 3, 5, 0, 4, 2, 1, 2, 0]
[0, 1, 1, 3, 0, 5, 2, 5, 2, 4, 3, 2, 5, 5, 2, 5, 0, 1, 0, 6, 4, 4, 1, 1, 0, 3, 3, 6, 6, 6, 7, 2, 2, 4, 0, 7, 6, 4, 7, 2, 0, 7, 5, 0, 7, 5, 0, 7, 1, 6, 2, 4, 6, 5, 0, 4, 6, 7, 3, 3, 6, 1, 5, 6, 0, 6, 4, 4, 6, 2, 0, 6, 1, 3, 4, 5, 4, 2, 0, 5, 3, 6, 3, 6, 6, 5, 4, 3, 2, 0, 0, 0, 3, 4, 1, 1, 0, 1, 2]
[2, 4, 3, 0, 2, 3, 2, 0, 2, 2, 1, 4, 5, 0, 1, 6, 3, 4, 0, 6, 2, 4, 0, 2, 1, 4, 6, 6, 1, 0, 0, 0, 1, 5, 7, 3, 1, 0, 3, 7, 7, 6, 4, 5, 4, 7, 0, 0, 3, 7, 2, 7, 0, 1, 7, 0, 7, 2, 1, 1, 0, 3, 0, 0, 7, 6, 5, 4, 7, 4, 0, 0, 1, 0, 4, 3, 2, 3, 4, 1, 2, 2, 5, 1, 5, 5, 0, 2, 0, 0, 5, 4, 0, 5, 1, 2, 4, 0, 4]
[0, 1, 2, 2, 5, 3, 1, 3, 3, 1, 4, 3, 3, 1, 2, 6, 4, 5, 6, 6, 1, 1, 4, 4, 6, 6, 6, 7, 6, 2, 6, 5, 3, 0, 3, 7, 4, 3, 0, 2, 6, 7, 5, 7, 4, 7, 0, 5, 0, 0, 6, 2, 7, 6, 3, 1, 3, 5, 6, 2, 4, 0, 2, 3, 5, 2, 5, 5, 0, 7, 1, 1, 0, 5, 0, 4, 5, 5, 1, 1, 5, 6, 0, 3, 1, 3, 6, 0, 5, 1, 2, 4, 1, 5, 1, 3, 5, 4, 1]
[2, 3, 3, 5, 4, 2, 1, 0, 0, 2, 0, 2, 1, 0, 0, 4, 4, 2, 2, 4, 5, 0, 3, 1, 2, 3, 1, 3, 3, 7, 0, 7, 3, 7, 5, 0, 3, 0, 7, 3, 7, 2, 1, 7, 3, 3, 5, 6, 3, 6, 8, 6, 2, 2, 8, 1, 2, 1, 1, 2, 6, 4, 4, 6, 2, 6, 6, 5, 2, 7, 2, 2, 4, 1, 6, 2, 0, 0, 1, 4, 5, 4, 2, 4, 0, 1, 0, 1, 1, 1, 5, 0, 5, 4, 1, 5, 5, 3, 1]
[1, 1, 3, 0, 5, 0, 4, 4, 5, 5, 2, 1, 5, 0, 2, 3, 0, 6, 5, 1, 0, 1, 5, 5, 6, 0, 6, 5, 6, 0, 4, 2, 5, 1, 2, 4, 3, 4, 1, 7, 6, 7, 6, 7, 8, 2, 0, 4, 4, 7, 5, 4, 6, 4, 5, 6, 3, 4, 5, 7, 4, 0, 5, 5, 4, 4, 4, 7, 6, 3, 2, 4, 1, 7, 7, 7, 1, 1, 5, 4, 6, 4, 2, 2, 1, 0, 0, 3, 3, 5, 4, 2, 1, 5, 5, 1, 0, 5, 1]
[1, 3, 0, 3, 1, 2, 3, 4, 1, 3, 3, 0, 6, 4, 2, 3, 6, 5, 1, 2, 3, 4, 5, 3, 2, 5, 0, 7, 6, 1, 2, 0, 2, 1, 5, 5, 2, 3, 6, 1, 5, 5, 5, 2, 7, 4, 4, 1, 4, 2, 3, 5, 6, 5, 4, 1, 7, 5, 5, 4, 8, 8, 4, 7, 6, 0, 0, 3, 1, 7, 0, 2, 0, 3, 2, 1, 0, 2, 4, 2, 6, 2, 2, 3, 1, 4, 5, 1, 2, 1, 6, 1, 3, 4, 3, 3, 1, 0, 4]
[5, 3, 0, 1, 4, 3, 5, 0, 3, 2, 3, 1, 5, 2, 0, 4, 6, 1, 2, 0, 5, 0, 0, 2, 6, 5, 2, 0, 5, 1, 6, 7, 7, 5, 1, 1, 2, 6, 1, 5, 6, 3, 7, 1, 1, 7, 6, 2, 3, 7, 4, 7, 4, 0, 2, 7, 7, 3, 0, 0, 4, 2, 8, 2, 6, 2, 4, 7, 0, 6, 6, 3, 7, 2, 1, 1, 0, 0, 6, 6, 6, 0, 5, 2, 1, 0, 6, 1, 0, 5, 1, 4, 5, 2, 1, 3, 3, 5, 4]
[1, 5, 1, 0, 1, 5, 3, 0, 3, 3, 4, 4, 6, 6, 3, 4, 2, 0, 2, 3, 7, 5, 4, 0, 0, 2, 5, 1, 3, 2, 1, 2, 5, 4, 5, 4, 5, 6, 1, 3, 7, 0, 1, 8, 0, 3, 8, 5, 7, 4, 1, 7, 4, 0, 5, 0, 6, 0, 5, 6, 1, 6, 0, 6, 6, 4, 7, 1, 5, 2, 2, 3, 7, 7, 0, 1, 1, 1, 6, 6, 4, 7, 3, 4, 0, 6, 4, 3, 0, 2, 4, 1, 1, 2, 0, 2, 0, 0, 1]
[5, 1, 4, 0, 3, 4, 2, 4, 4, 4, 0, 6, 0, 6, 3, 2, 5, 4, 6, 3, 5, 3, 2, 3, 4, 7, 4, 2, 5, 1, 6, 7, 1, 3, 1, 5, 6, 6, 6, 5, 2, 6, 6, 6, 3, 7, 4, 6, 8, 1, 7, 2, 4, 0, 0, 3, 3, 5, 7, 3, 0, 0, 0, 1, 0, 8, 6, 5, 6, 0, 4, 5, 5, 4, 1, 3, 4, 4, 4, 3, 4, 6, 0, 1, 6, 2, 5, 0, 2, 2, 6, 1, 0, 0, 5, 2, 0, 2, 0]
[2, 4, 3, 1, 5, 4, 2, 6, 2, 3, 6, 3, 2, 5, 3, 5, 5, 4, 5, 3, 6, 5, 4, 1, 3, 5, 4, 0, 0, 3, 0, 5, 4, 1, 8, 6, 6, 5, 4, 0, 4, 5, 8, 7, 8, 1, 0, 2, 0, 5, 5, 5, 8, 5, 8, 8, 8, 1, 6, 1, 0, 7, 3, 6, 3, 8, 0, 6, 6, 2, 1, 3, 2, 7, 4, 6, 7, 1, 7, 4, 3, 3, 2, 5, 0, 2, 6, 0, 1, 0, 3, 6, 3, 5, 3, 5, 5, 4, 4]
[1, 5, 4, 1, 2, 0, 1, 0, 3, 4, 0, 2, 3, 4, 5, 3, 7, 5, 7, 4, 3, 5, 0, 6, 4, 0, 1, 3, 6, 0, 6, 8, 3, 7, 3, 4, 7, 7, 7, 6, 5, 6, 1, 2, 3, 2, 6, 7, 1, 1, 3, 2, 3, 0, 4, 6, 6, 2, 4, 0, 5, 8, 5, 4, 6, 1, 1, 2, 1, 5, 3, 0, 6, 0, 7, 1, 1, 7, 7, 4, 3, 0, 5, 7, 5, 0, 3, 3, 5, 6, 1, 3, 1, 1, 1, 4, 5, 3, 3]
[5, 0, 5, 4, 5, 5, 2, 2, 4, 1, 3, 3, 2, 4, 7, 2, 4, 0, 2, 0, 6, 5, 6, 4, 1, 6, 0, 4, 3, 1, 2, 5, 7, 7, 1, 4, 2, 5, 0, 0, 5, 3, 8, 3, 3, 7, 8, 2, 4, 9, 7, 5, 8, 1, 8, 1, 6, 1, 3, 0, 3, 5, 4, 0, 2, 5, 6, 0, 6, 2, 5, 5, 8, 6, 7, 1, 2, 2, 0, 0, 5, 0, 7, 7, 1, 4, 3, 4, 0, 3, 6, 6, 2, 5, 2, 0, 5, 0, 4]
[4, 3, 3, 2, 4, 1, 5, 6, 3, 0, 5, 5, 2, 4, 7, 6, 3, 3, 2, 3, 5, 0, 6, 6, 3, 2, 0, 8, 8, 3, 4, 4, 7, 8, 7, 5, 3, 8, 6, 2, 7, 6, 6, 5, 7, 7, 8, 1, 1, 3, 7, 8, 2, 7, 8, 9, 5, 1, 3, 9, 9, 9, 1, 2, 0, 0, 1, 8, 5, 5, 0, 3, 6, 8, 3, 7, 6, 0, 1, 6, 6, 7, 7, 7, 6, 0, 5, 0, 2, 4, 0, 3, 5, 4, 2, 6, 1, 3, 0]
[3, 0, 3, 6, 6, 6, 0, 3, 1, 2, 3, 5, 0, 7, 4, 1, 5, 0, 7, 3, 3, 0, 5, 1, 8, 6, 2, 3, 0, 8, 7, 0, 8, 6, 2, 0, 3, 6, 2, 1, 1, 5, 9, 8, 3, 1, 4, 6, 8, 5, 7, 2, 8, 4, 2, 2, 7, 5, 7, 7, 9, 1, 3, 2, 5, 0, 6, 6, 8, 3, 6, 2, 4, 3, 4, 8, 5, 2, 7, 4, 2, 5, 3, 6, 1, 5, 4, 2, 6, 4, 1, 4, 1, 0, 4, 4, 0, 2, 4]
[5, 1, 1, 2, 2, 2, 1, 6, 6, 0, 4, 4, 1, 1, 7, 0, 5, 5, 5, 1, 6, 8, 0, 3, 3, 8, 6, 6, 6, 3, 3, 1, 1, 5, 7, 2, 6, 1, 4, 5, 1, 9, 9, 1, 2, 6, 7, 8, 9, 6, 6, 1, 4, 7, 9, 1, 5, 1, 8, 5, 4, 2, 4, 3, 4, 3, 7, 3, 2, 7, 0, 7, 6, 3, 3, 2, 6, 0, 4, 4, 1, 2, 2, 1, 5, 7, 6, 2, 0, 1, 3, 4, 6, 4, 3, 5, 3, 6, 4]
[1, 3, 4, 3, 6, 0, 1, 6, 6, 2, 3, 3, 1, 0, 5, 1, 0, 0, 5, 3, 6, 4, 3, 3, 3, 1, 0, 8, 1, 2, 0, 6, 3, 6, 8, 1, 1, 6, 7, 6, 5, 8, 7, 3, 5, 1, 9, 5, 1, 9, 6, 1, 4, 5, 4, 5, 3, 3, 9, 1, 3, 3, 9, 3, 8, 2, 8, 8, 8, 3, 2, 8, 1, 8, 8, 3, 1, 4, 2, 7, 4, 5, 4, 6, 1, 0, 7, 3, 1, 7, 5, 4, 6, 5, 1, 1, 6, 1, 2]
[5, 2, 3, 6, 2, 0, 0, 2, 5, 4, 0, 3, 4, 1, 5, 4, 4, 2, 5, 0, 6, 2, 4, 3, 4, 3, 7, 0, 1, 7, 1, 1, 3, 9, 7, 6, 2, 7, 1, 9, 5, 5, 9, 3, 2, 7, 4, 3, 3, 6, 6, 4, 5, 5, 2, 4, 8, 3, 1, 8, 6, 1, 1, 7, 8, 2, 1, 6, 8, 3, 4, 3, 8, 2, 8, 2, 3, 8, 3, 6, 7, 8, 2, 6, 3, 5, 6, 7, 1, 0, 0, 0, 5, 0, 3, 4, 5, 5, 3]
[0, 1, 4, 1, 4, 3, 6, 5, 4, 2, 1, 2, 5, 3, 3, 6, 7, 4, 0, 3, 4, 5, 6, 0, 6, 4, 5, 2, 5, 9, 2, 9, 2, 8, 7, 3, 6, 1, 5, 8, 1, 6, 1, 8, 5, 1, 4, 4, 2, 9, 3, 7, 3, 5, 8, 5, 7, 6, 8, 2, 3, 2, 1, 3, 6, 6, 7, 6, 1, 9, 7, 4, 6, 2, 0, 1, 1, 5, 7, 6, 2, 4, 5, 7, 4, 1, 7, 1, 7, 2, 7, 0, 0, 3, 0, 5, 1, 2, 2]
[3, 3, 3, 1, 0, 5, 6, 5, 2, 2, 6, 5, 1, 2, 2, 4, 7, 5, 6, 1, 4, 5, 8, 2, 3, 2, 1, 5, 3, 6, 5, 4, 6, 1, 2, 7, 4, 6, 8, 9, 5, 9, 7, 4, 5, 7, 4, 9, 3, 4, 5, 2, 6, 9, 5, 4, 3, 2, 3, 4, 4, 3, 3, 1, 6, 6, 4, 8, 7, 2, 8, 9, 3, 3, 6, 7, 8, 6, 3, 1, 6, 8, 2, 0, 5, 6, 3, 1, 7, 0, 6, 1, 7, 1, 2, 0, 6, 2, 3]
[1, 2, 1, 6, 0, 1, 2, 3, 7, 5, 0, 2, 4, 7, 6, 6, 6, 7, 4, 3, 1, 6, 0, 0, 8, 5, 2, 1, 9, 5, 9, 5, 4, 2, 5, 2, 4, 7, 8, 1, 9, 8, 7, 5, 6, 5, 6, 3, 4, 3, 5, 6, 9, 6, 8, 8, 5, 9, 8, 2, 2, 8, 4, 3, 1, 2, 3, 8, 7, 9, 3, 4, 8, 9, 6, 7, 6, 0, 1, 5, 2, 4, 8, 1, 1, 7, 7, 3, 2, 4, 3, 3, 0, 1, 3, 1, 5, 3, 5]
[5, 1, 3, 4, 4, 6, 3, 4, 4, 6, 7, 0, 7, 0, 3, 4, 2, 8, 7, 7, 6, 5, 0, 8, 2, 1, 5, 6, 9, 5, 7, 3, 5, 4, 4, 5, 3, 3, 2, 2, 4, 7, 9, 8, 5, 4, 7, 5, 8, 4, 8, 2, 3, 3, 5, 5, 4, 6, 5, 7, 5, 2, 3, 8, 1, 7, 3, 3, 1, 8, 7, 5, 7, 6, 9, 3, 3, 1, 0, 7, 4, 0, 1, 7, 2, 4, 5, 4, 7, 6, 7, 5, 7, 3, 0, 1, 4, 4, 6]
[0, 1, 2, 2, 5, 1, 3, 4, 5, 2, 6, 4, 7, 1, 0, 6, 0, 2, 0, 2, 7, 0, 5, 8, 2, 1, 4, 8, 1, 1, 9, 1, 3, 2, 3, 4, 2, 6, 2, 4, 5, 4, 3, 2, 5, 8, 7, 6, 7, 5, 7, 8, 8, 7, 7, 5, 7, 4, 4, 4, 7, 7, 7, 9, 6, 9, 3, 3, 2, 3, 8, 5, 3, 2, 1, 9, 8, 4, 7, 0, 0, 2, 4, 1, 2, 0, 1, 3, 4, 5, 0, 5, 7, 2, 4, 5, 4, 6, 0]
[3, 3, 2, 4, 6, 1, 2, 4, 0, 2, 7, 2, 3, 5, 2, 4, 1, 0, 0, 8, 6, 2, 7, 2, 4, 2, 8, 2, 3, 8, 6, 3, 3, 5, 2, 9, 2, 5, 6, 5, 5, 2, 7, 8, 9, 2, 3, 9, 2, 4, 4, 7, 2, 3, 2, 2, 6, 2, 8, 8, 8, 7, 6, 5, 6, 2, 6, 8, 1, 5, 2, 1, 6, 2, 3, 1, 2, 1, 4, 6, 5, 7, 2, 8, 4, 6, 3, 6, 6, 3, 0, 0, 0, 2, 5, 3, 5, 6, 4]
[0, 5, 0, 2, 4, 1, 6, 3, 2, 4, 3, 7, 7, 7, 1, 1, 7, 6, 6, 6, 7, 2, 8, 1, 3, 3, 5, 7, 1, 1, 8, 2, 8, 6, 2, 6, 8, 3, 5, 4, 3, 2, 4, 8, 2, 4, 5, 2, 4, 7, 7, 5, 7, 5, 2, 5, 7, 8, 2, 5, 2, 9, 5, 6, 2, 4, 6, 4, 8, 6, 3, 8, 4, 5, 3, 2, 5, 6, 3, 3, 8, 2, 8, 2, 6, 1, 7, 3, 1, 2, 7, 4, 3, 0, 5, 2, 6, 6, 5]
[3, 2, 0, 4, 6, 0, 5, 3, 4, 3, 6, 4, 2, 1, 1, 4, 8, 2, 0, 2, 4, 3, 3, 2, 3, 8, 4, 6, 3, 1, 8, 5, 8, 2, 9, 2, 8, 4, 7, 2, 9, 4, 3, 7, 7, 7, 3, 2, 5, 6, 2, 8, 2, 4, 3, 5, 5, 8, 4, 2, 2, 2, 5, 2, 7, 5, 4, 2, 6, 8, 8, 6, 9, 7, 3, 2, 7, 3, 3, 5, 2, 6, 1, 7, 3, 6, 4, 2, 5, 2, 4, 5, 1, 5, 1, 0, 4, 6, 2]
[2, 6, 6, 2, 3, 1, 0, 1, 2, 3, 2, 4, 3, 5, 6, 2, 7, 6, 5, 8, 1, 3, 2, 4, 2, 7, 3, 4, 4, 2, 3, 9, 6, 8, 9, 9, 9, 5, 6, 9, 5, 2, 2, 8, 2, 8, 9, 8, 8, 7, 5, 3, 5, 8, 7, 5, 3, 2, 7, 9, 3, 7, 9, 8, 9, 6, 7, 4, 8, 9, 2, 5, 6, 9, 1, 9, 1, 9, 4, 8, 1, 5, 7, 6, 6, 8, 2, 1, 5, 4, 7, 6, 0, 4, 0, 0, 4, 2, 5]
[2, 5, 1, 5, 6, 6, 1, 2, 1, 7, 0, 4, 3, 2, 3, 1, 6, 8, 5, 7, 9, 1, 2, 8, 9, 9, 7, 5, 8, 8, 8, 8, 9, 2, 8, 3, 7, 9, 9, 4, 8, 8, 9, 6, 6, 7, 5, 7, 9, 8, 3, 8, 8, 3, 7, 8, 9, 9, 5, 4, 4, 7, 5, 4, 8, 6, 7, 9, 6, 8, 5, 7, 3, 8, 3, 7, 8, 3, 1, 2, 5, 5, 2, 7, 3, 5, 5, 2, 0, 7, 0, 1, 3, 5, 4, 7, 3, 6, 2]
[2, 4, 5, 1, 7, 0, 2, 5, 4, 2, 2, 4, 6, 7, 1, 1, 3, 1, 4, 2, 5, 3, 8, 1, 4, 6, 8, 7, 7, 9, 7, 8, 4, 7, 7, 3, 7, 6, 3, 5, 8, 7, 3, 7, 6, 8, 4, 9, 8, 8, 3, 8, 9, 9, 4, 4, 5, 9, 8, 5, 4, 2, 5, 9, 6, 4, 3, 9, 7, 2, 5, 3, 1, 7, 1, 1, 2, 1, 6, 5, 7, 3, 6, 4, 3, 0, 5, 5, 4, 3, 4, 2, 4, 6, 0, 5, 5, 2, 1]
[3, 4, 3, 2, 4, 1, 3, 6, 3, 6, 5, 1, 0, 3, 2, 6, 5, 4, 0, 7, 6, 9, 2, 9, 8, 8, 7, 4, 2, 4, 9, 5, 7, 6, 6, 9, 3, 7, 4, 4, 9, 7, 4, 9, 8, 4, 7, 5, 3, 5, 4, 8, 6, 9, 6, 8, 7, 8, 9, 7, 5, 6, 6, 2, 8, 8, 7, 5, 7, 2, 5, 8, 2, 6, 8, 1, 2, 4, 7, 7, 6, 8, 0, 5, 6, 4, 6, 4, 0, 7, 1, 4, 2, 5, 0, 5, 4, 0, 1]
[2, 4, 5, 2, 3, 5, 5, 6, 1, 0, 7, 4, 5, 4, 6, 6, 0, 7, 8, 1, 4, 5, 2, 5, 5, 2, 2, 5, 7, 5, 3, 3, 3, 8, 4, 4, 7, 4, 8, 3, 7, 8, 8, 9, 5, 9, 6, 4, 7, 7, 9, 7, 3, 8, 6, 3, 6, 4, 3, 6, 4, 9, 3, 8, 3, 2, 7, 4, 7, 5, 5, 6, 3, 4, 4, 4, 6, 7, 6, 3, 3, 4, 5, 0, 4, 2, 2, 5, 7, 3, 2, 0, 0, 6, 1, 3, 6, 2, 6]
[6, 2, 1, 4, 6, 7, 0, 0, 1, 7, 6, 1, 3, 5, 7, 1, 1, 1, 4, 2, 8, 3, 9, 3, 1, 1, 9, 6, 7, 7, 9, 2, 6, 7, 7, 2, 9, 3, 8, 4, 4, 3, 9, 9, 5, 3, 7, 6, 3, 9, 3, 8, 5, 3, 3, 3, 8, 3, 6, 5, 9, 9, 7, 5, 3, 2, 4, 7, 7, 2, 9, 2, 3, 3, 6, 4, 5, 3, 2, 3, 5, 1, 6, 0, 0, 8, 6, 0, 4, 8, 1, 6, 0, 2, 1, 7, 3, 6, 6]
[0, 2, 3, 7, 7, 5, 6, 4, 1, 0, 5, 4, 2, 1, 3, 2, 7, 3, 2, 2, 8, 8, 3, 2, 3, 7, 6, 5, 6, 8, 6, 9, 3, 4, 8, 9, 6, 9, 6, 5, 6, 6, 6, 6, 3, 3, 9, 8, 7, 4, 8, 4, 9, 7, 3, 9, 8, 6, 5, 9, 8, 5, 9, 8, 3, 7, 8, 4, 2, 2, 9, 4, 5, 2, 9, 6, 1, 9, 6, 6, 1, 1, 7, 2, 1, 0, 7, 2, 4, 8, 2, 0, 3, 6, 2, 7, 7, 3, 4]
[1, 1, 3, 4, 6, 7, 6, 4, 3, 0, 2, 0, 5, 6, 3, 6, 7, 4, 8, 5, 3, 7, 9, 8, 1, 7, 4, 9, 4, 9, 6, 5, 6, 7, 7, 4, 6, 4, 7, 9, 4, 6, 4, 6, 8, 5, 5, 6, 9, 9, 6, 4, 4, 6, 4, 6, 8, 9, 3, 6, 7, 6, 4, 3, 4, 6, 9, 2, 7, 3, 4, 7, 5, 5, 6, 2, 3, 3, 2, 9, 4, 2, 5, 7, 6, 0, 3, 8, 2, 5, 5, 1, 0, 2, 2, 5, 3, 0, 1]
[0, 5, 1, 7, 7, 2, 1, 1, 2, 1, 5, 0, 0, 6, 7, 6, 1, 2, 7, 8, 4, 1, 1, 6, 5, 5, 5, 2, 4, 4, 7, 9, 5, 7, 4, 8, 9, 6, 4, 9, 6, 6, 4, 9, 4, 9, 7, 6, 7, 6, 4, 4, 7, 6, 4, 4, 6, 4, 7, 8, 6, 6, 3, 5, 4, 8, 6, 3, 7, 6, 9, 4, 3, 5, 5, 9, 6, 9, 4, 6, 1, 9, 4, 9, 8, 0, 2, 8, 7, 3, 7, 7, 4, 6, 6, 5, 3, 2, 6]
[3, 3, 1, 2, 3, 3, 3, 6, 6, 6, 2, 5, 8, 8, 1, 1, 8, 7, 2, 4, 9, 2, 8, 5, 9, 5, 2, 9, 4, 7, 5, 8, 5, 5, 4, 4, 5, 4, 8, 9, 9, 7, 5, 5, 9, 5, 6, 9, 8, 7, 8, 8, 4, 8, 9, 4, 7, 8, 8, 6, 7, 6, 6, 6, 5, 5, 6, 8, 6, 9, 3, 9, 4, 2, 9, 4, 9, 3, 9, 6, 5, 1, 2, 3, 7, 7, 7, 6, 8, 1, 2, 5, 4, 2, 2, 3, 4, 3, 1]
[5, 3, 1, 5, 7, 3, 1, 0, 0, 1, 3, 7, 3, 1, 3, 5, 9, 7, 1, 1, 9, 9, 1, 6, 2, 7, 4, 6, 2, 7, 2, 8, 6, 9, 5, 9, 8, 3, 7, 5, 4, 4, 5, 8, 5, 9, 6, 8, 6, 4, 9, 7, 8, 8, 8, 8, 7, 9, 7, 6, 8, 8, 5, 5, 7, 7, 6, 8, 3, 4, 7, 3, 4, 3, 2, 8, 9, 3, 3, 9, 8, 6, 9, 3, 8, 5, 8, 5, 6, 2, 6, 3, 1, 2, 4, 0, 7, 7, 5]
[0, 5, 4, 7, 7, 3, 2, 7, 3, 5, 3, 6, 3, 4, 5, 5, 7, 6, 2, 5, 4, 9, 3, 2, 4, 7, 7, 9, 6, 5, 3, 4, 8, 3, 5, 9, 8, 5, 7, 6, 5, 9, 4, 4, 9, 6, 9, 6, 5, 4, 8, 9, 4, 9, 6, 7, 4, 7, 6, 6, 5, 3, 3, 5, 8, 5, 6, 4, 6, 3, 9, 2, 2, 2, 8, 2, 2, 6, 6, 1, 3, 5, 9, 4, 7, 6, 0, 5, 3, 5, 2, 2, 5, 2, 5, 7, 5, 2, 0]
[6, 3, 4, 7, 4, 3, 6, 5, 7, 8, 2, 5, 3, 8, 7, 1, 1, 6, 6, 3, 5, 3, 6, 6, 7, 5, 4, 8, 9, 2, 4, 7, 8, 4, 8, 5, 9, 9, 9, 4, 4, 6, 6, 5, 6, 8, 6, 8, 5, 8, 5, 5, 7, 5, 7, 6, 4, 7, 9, 8, 6, 8, 8, 5, 9, 7, 3, 6, 9, 6, 7, 2, 3, 7, 9, 5, 9, 7, 5, 2, 9, 6, 1, 2, 6, 1, 1, 5, 0, 0, 2, 3, 7, 2, 3, 7, 1, 3, 7]
[6, 5, 1, 1, 0, 2, 7, 0, 0, 4, 4, 3, 4, 7, 6, 2, 7, 4, 7, 8, 6, 8, 7, 2, 8, 3, 9, 5, 2, 2, 5, 5, 6, 9, 4, 9, 4, 8, 9, 4, 4, 4, 5, 5, 7, 9, 6, 5, 5, 6, 5, 6, 8, 9, 7, 4, 8, 4, 9, 9, 8, 6, 5, 7, 8, 4, 3, 5, 5, 3, 5, 4, 2, 8, 4, 6, 8, 3, 2, 6, 1, 9, 9, 9, 9, 6, 3, 5, 4, 5, 7, 0, 2, 4, 4, 1, 5, 3, 3]
[4, 1, 0, 4, 2, 2, 5, 1, 1, 3, 4, 4, 8, 7, 7, 2, 5, 8, 2, 1, 6, 4, 7, 8, 7, 5, 2, 3, 4, 6, 8, 9, 3, 5, 8, 6, 6, 9, 4, 9, 5, 8, 8, 6, 4, 5, 6, 9, 6, 7, 8, 8, 9, 6, 7, 9, 5, 7, 4, 9, 7, 7, 5, 4, 9, 7, 5, 8, 7, 4, 6, 7, 5, 2, 8, 9, 4, 3, 2, 7, 4, 1, 3, 8, 3, 4, 5, 0, 3, 2, 3, 3, 7, 4, 2, 5, 3, 4, 1]
[6, 7, 3, 0, 7, 4, 3, 0, 4, 2, 6, 5, 4, 0, 6, 3, 2, 3, 2, 9, 6, 3, 2, 9, 8, 3, 6, 7, 3, 4, 5, 3, 8, 5, 9, 7, 8, 4, 5, 5, 5, 4, 4, 7, 5, 5, 6, 7, 9, 5, 8, 5, 9, 6, 6, 7, 8, 7, 4, 6, 8, 5, 4, 7, 5, 9, 7, 6, 8, 7, 3, 9, 5, 9, 3, 3, 6, 8, 8, 8, 5, 1, 4, 9, 5, 9, 8, 1, 0, 8, 0, 6, 8, 3, 3, 3, 5, 2, 6]
[1, 6, 4, 2, 6, 3, 1, 4, 7, 1, 0, 3, 3, 0, 4, 4, 1, 8, 1, 7, 8, 2, 7, 8, 9, 2, 4, 2, 2, 4, 9, 5, 5, 4, 8, 4, 4, 8, 9, 9, 4, 9, 6, 7, 5, 9, 7, 9, 8, 7, 7, 8, 6, 8, 5, 9, 6, 7, 4, 7, 9, 5, 6, 4, 6, 7, 8, 6, 3, 6, 4, 9, 9, 6, 3, 8, 8, 7, 8, 5, 7, 1, 2, 8, 1, 3, 8, 6, 3, 5, 5, 4, 3, 0, 0, 7, 4, 5, 6]
[5, 3, 2, 0, 4, 5, 7, 8, 7, 0, 3, 5, 1, 1, 7, 4, 6, 5, 5, 1, 5, 6, 6, 4, 6, 7, 6, 3, 7, 6, 4, 4, 7, 6, 3, 6, 5, 4, 8, 6, 5, 6, 8, 7, 9, 5, 9, 5, 5, 7, 6, 9, 7, 7, 9, 9, 9, 7, 7, 4, 6, 7, 7, 8, 5, 5, 8, 5, 6, 7, 3, 5, 2, 8, 9, 9, 3, 9, 7, 9, 1, 8, 6, 7, 5, 8, 7, 7, 1, 3, 6, 6, 7, 8, 0, 6, 7, 1, 2]
[1, 4, 0, 4, 0, 4, 4, 5, 2, 7, 6, 8, 8, 7, 4, 5, 1, 5, 5, 9, 2, 2, 2, 9, 4, 6, 8, 5, 7, 4, 9, 8, 5, 6, 5, 3, 7, 9, 4, 5, 8, 8, 5, 5, 5, 8, 8, 9, 7, 5, 7, 9, 9, 8, 6, 9, 9, 8, 7, 4, 7, 4, 7, 5, 8, 9, 8, 3, 5, 9, 4, 7, 5, 2, 5, 5, 6, 4, 6, 1, 4, 2, 5, 7, 1, 2, 0, 1, 8, 6, 0, 5, 0, 5, 3, 1, 1, 4, 5]
[6, 2, 6, 5, 3, 5, 7, 3, 7, 0, 6, 2, 3, 7, 5, 3, 2, 9, 7, 7, 4, 9, 6, 3, 8, 5, 6, 6, 4, 7, 6, 6, 8, 6, 4, 4, 8, 4, 6, 9, 9, 8, 6, 7, 7, 7, 6, 8, 9, 8, 9, 8, 9, 5, 6, 5, 7, 4, 6, 8, 4, 6, 8, 6, 5, 7, 7, 4, 4, 3, 4, 8, 3, 2, 9, 2, 5, 3, 6, 9, 7, 1, 3, 9, 3, 9, 8, 5, 8, 4, 0, 1, 2, 1, 0, 2, 3, 4, 0]
[5, 4, 2, 1, 2, 5, 0, 0, 1, 6, 7, 1, 3, 5, 8, 9, 6, 1, 5, 5, 5, 5, 9, 9, 3, 7, 7, 4, 2, 9, 6, 4, 3, 5, 6, 6, 8, 8, 9, 8, 5, 6, 4, 7, 7, 7, 6, 7, 8, 5, 9, 8, 8, 7, 9, 8, 7, 6, 7, 5, 6, 5, 5, 5, 5, 9, 9, 4, 9, 8, 6, 8, 7, 2, 8, 3, 4, 5, 4, 3, 4, 4, 9, 9, 5, 4, 6, 1, 2, 3, 3, 2, 3, 1, 6, 1, 0, 0, 1]
[7, 6, 2, 1, 2, 0, 1, 5, 1, 0, 5, 4, 6, 6, 9, 4, 8, 1, 8, 2, 2, 4, 5, 2, 2, 2, 8, 5, 6, 5, 3, 3, 3, 8, 7, 4, 9, 5, 8, 4, 5, 4, 8, 7, 7, 6, 8, 7, 7, 7, 9, 8, 5, 9, 7, 5, 9, 7, 8, 5, 8, 6, 8, 5, 7, 3, 8, 8, 6, 7, 6, 6, 5, 9, 9, 8, 9, 4, 4, 4, 2, 7, 6, 5, 9, 8, 1, 2, 7, 4, 5, 0, 5, 1, 5, 1, 1, 0, 4]
[5, 6, 2, 4, 7, 1, 4, 3, 4, 3, 6, 8, 6, 8, 3, 8, 4, 6, 1, 7, 3, 5, 6, 3, 2, 2, 3, 6, 3, 4, 7, 3, 5, 5, 5, 7, 5, 8, 6, 5, 8, 7, 8, 7, 6, 8, 9, 9, 5, 7, 9, 8, 7, 5, 8, 6, 9, 8, 7, 8, 9, 8, 6, 4, 9, 3, 5, 8, 4, 7, 4, 3, 8, 8, 6, 2, 9, 2, 3, 3, 3, 7, 6, 7, 5, 9, 4, 6, 2, 8, 6, 2, 2, 7, 7, 5, 1, 7, 2]
[7, 3, 4, 2, 2, 2, 6, 2, 6, 5, 0, 6, 0, 3, 9, 5, 4, 3, 8, 2, 8, 3, 5, 6, 4, 3, 5, 2, 4, 5, 6, 7, 6, 5, 9, 6, 9, 6, 6, 4, 9, 9, 6, 8, 5, 6, 6, 6, 9, 7, 7, 7, 7, 9, 8, 9, 5, 8, 4, 4, 4, 8, 7, 4, 9, 3, 8, 8, 3, 4, 9, 7, 3, 8, 4, 4, 3, 9, 7, 6, 6, 5, 7, 6, 5, 9, 9, 3, 0, 2, 2, 7, 2, 7, 1, 3, 4, 0, 2]
[2, 6, 7, 1, 7, 7, 4, 4, 1, 8, 3, 1, 8, 0, 2, 2, 4, 8, 9, 6, 9, 3, 5, 9, 9, 2, 2, 3, 2, 6, 9, 6, 7, 5, 7, 3, 4, 6, 5, 4, 6, 7, 6, 7, 9, 6, 8, 8, 5, 9, 6, 7, 8, 8, 6, 8, 7, 5, 5, 6, 8, 8, 9, 8, 4, 3, 5, 9, 4, 5, 9, 4, 2, 3, 5, 8, 5, 9, 2, 6, 1, 8, 6, 7, 1, 8, 7, 5, 7, 8, 4, 4, 1, 7, 1, 4, 6, 4, 7]
[1, 0, 2, 1, 1, 7, 3, 2, 7, 2, 5, 7, 1, 5, 7, 5, 2, 2, 2, 1, 7, 5, 5, 6, 3, 3, 5, 6, 2, 8, 5, 3, 7, 3, 3, 4, 6, 8, 4, 9, 6, 6, 9, 5, 7, 8, 7, 5, 5, 7, 5, 9, 7, 5, 8, 9, 5, 6, 9, 5, 6, 6, 4, 9, 5, 7, 4, 5, 9, 7, 5, 4, 7, 4, 6, 9, 6, 8, 5, 1, 5, 5, 4, 6, 7, 9, 3, 5, 4, 0, 7, 2, 4, 8, 2, 2, 1, 2, 2]
[5, 0, 5, 2, 3, 3, 4, 7, 6, 8, 8, 2, 5, 5, 5, 6, 7, 3, 3, 3, 6, 4, 8, 4, 4, 3, 7, 2, 8, 3, 6, 9, 6, 4, 9, 6, 4, 4, 7, 6, 6, 4, 8, 7, 9, 7, 9, 9, 8, 9, 7, 5, 7, 7, 6, 6, 4, 9, 6, 6, 9, 9, 9, 9, 6, 5, 5, 3, 8, 7, 5, 3, 7, 5, 7, 2, 3, 7, 6, 3, 1, 5, 2, 8, 6, 6, 4, 6, 3, 0, 0, 0, 7, 1, 7, 7, 6, 1, 3]
[1, 7, 2, 0, 6, 6, 0, 3, 1, 3, 6, 5, 4, 7, 3, 7, 3, 3, 4, 9, 2, 7, 7, 6, 3, 3, 8, 7, 4, 6, 4, 5, 9, 9, 5, 5, 4, 4, 9, 8, 8, 7, 5, 9, 4, 4, 9, 6, 9, 8, 9, 5, 5, 8, 5, 4, 6, 7, 7, 5, 4, 9, 6, 5, 7, 7, 4, 5, 5, 6, 5, 4, 2, 3, 6, 7, 2, 6, 3, 1, 4, 1, 3, 1, 6, 3, 0, 0, 0, 7, 3, 4, 1, 6, 5, 4, 3, 1, 4]
[3, 1, 4, 4, 1, 2, 0, 0, 2, 2, 6, 6, 3, 5, 4, 6, 3, 3, 3, 6, 5, 7, 6, 2, 5, 4, 4, 5, 6, 9, 7, 4, 6, 8, 4, 4, 7, 9, 8, 4, 5, 7, 4, 7, 7, 7, 7, 9, 4, 7, 7, 6, 8, 6, 9, 8, 5, 8, 4, 5, 8, 4, 6, 8, 5, 7, 5, 7, 8, 4, 4, 7, 4, 9, 9, 9, 3, 5, 4, 3, 6, 8, 6, 1, 7, 4, 5, 4, 8, 1, 6, 0, 0, 7, 7, 2, 0, 3, 3]
[0, 5, 5, 2, 3, 7, 6, 5, 8, 7, 1, 7, 8, 5, 4, 1, 4, 8, 9, 6, 1, 5, 2, 4, 3, 4, 4, 4, 4, 4, 3, 7, 7, 9, 6, 4, 7, 7, 4, 5, 8, 5, 4, 7, 5, 4, 4, 8, 7, 9, 6, 4, 5, 9, 4, 8, 5, 9, 6, 4, 7, 7, 8, 8, 5, 5, 6, 5, 6, 9, 6, 7, 3, 6, 8, 9, 6, 5, 1, 6, 5, 9, 4, 2, 9, 5, 2, 6, 0, 2, 1, 1, 5, 3, 6, 4, 6, 5, 3]
[1, 0, 1, 6, 3, 5, 3, 2, 4, 1, 8, 7, 2, 2, 0, 1, 1, 7, 4, 4, 5, 4, 1, 9, 4, 6, 5, 8, 8, 4, 6, 4, 5, 8, 6, 9, 8, 5, 3, 6, 4, 7, 6, 6, 8, 5, 4, 8, 5, 6, 7, 7, 9, 7, 7, 8, 5, 5, 9, 9, 7, 6, 7, 5, 9, 7, 6, 3, 8, 6, 8, 4, 8, 3, 6, 3, 7, 6, 2, 1, 4, 4, 1, 5, 9, 2, 0, 4, 6, 3, 0, 4, 8, 3, 1, 1, 1, 6, 5]
[6, 1, 7, 3, 2, 3, 5, 2, 5, 7, 3, 5, 1, 3, 5, 4, 6, 1, 1, 7, 2, 3, 7, 7, 5, 7, 9, 9, 2, 9, 7, 4, 9, 7, 8, 8, 4, 3, 9, 6, 8, 9, 9, 6, 9, 9, 8, 5, 9, 7, 8, 8, 4, 4, 6, 9, 5, 4, 9, 5, 8, 4, 6, 7, 8, 7, 4, 6, 6, 4, 9, 8, 4, 4, 2, 7, 5, 4, 4, 1, 6, 5, 1, 2, 9, 7, 3, 6, 6, 3, 3, 0, 8, 1, 0, 7, 7, 2, 6]
[5, 3, 0, 7, 1, 0, 3, 2, 3, 0, 1, 5, 3, 8, 5, 8, 3, 2, 5, 2, 5, 2, 9, 2, 7, 7, 9, 2, 6, 4, 2, 4, 3, 8, 5, 8, 4, 3, 9, 6, 8, 4, 5, 5, 8, 6, 5, 9, 4, 4, 7, 6, 9, 6, 9, 4, 9, 6, 9, 6, 5, 6, 3, 6, 7, 3, 4, 6, 6, 2, 4, 9, 2, 7, 7, 6, 6, 8, 8, 6, 4, 2, 8, 1, 2, 6, 3, 4, 8, 6, 7, 1, 2, 1, 7, 3, 3, 1, 4]
[0, 0, 2, 2, 2, 6, 0, 0, 7, 7, 2, 3, 4, 8, 8, 6, 3, 5, 3, 2, 9, 8, 4, 3, 6, 5, 2, 3, 6, 8, 2, 3, 6, 9, 8, 3, 5, 6, 9, 8, 7, 9, 5, 5, 5, 5, 5, 5, 4, 9, 9, 4, 7, 5, 4, 8, 4, 4, 8, 3, 4, 4, 7, 5, 6, 7, 9, 6, 9, 6, 7, 9, 8, 3, 2, 9, 8, 1, 3, 9, 3, 8, 5, 5, 1, 0, 6, 4, 2, 7, 0, 0, 2, 5, 5, 2, 4, 4, 4]
[2, 3, 5, 7, 5, 7, 0, 1, 0, 8, 7, 0, 2, 5, 0, 3, 3, 7, 8, 3, 4, 9, 7, 4, 4, 9, 2, 8, 5, 3, 2, 3, 9, 7, 6, 9, 8, 4, 6, 7, 4, 7, 4, 4, 8, 8, 7, 8, 8, 9, 4, 9, 8, 8, 9, 9, 6, 8, 7, 3, 9, 7, 7, 4, 6, 8, 3, 4, 7, 7, 7, 9, 8, 7, 6, 2, 7, 3, 6, 6, 7, 6, 3, 3, 8, 8, 4, 4, 1, 1, 0, 6, 4, 4, 3, 7, 3, 1, 1]
[2, 2, 1, 5, 3, 7, 3, 3, 4, 6, 6, 2, 8, 3, 2, 7, 7, 7, 6, 2, 1, 5, 7, 3, 3, 7, 4, 9, 3, 9, 3, 6, 7, 2, 9, 7, 7, 3, 4, 9, 8, 8, 5, 7, 8, 3, 8, 8, 6, 5, 7, 5, 4, 8, 4, 4, 5, 9, 8, 7, 5, 3, 5, 3, 4, 5, 4, 2, 2, 5, 7, 4, 7, 5, 6, 2, 8, 3, 3, 8, 2, 2, 9, 5, 0, 7, 0, 6, 6, 7, 5, 4, 7, 2, 7, 0, 1, 7, 5]
[5, 2, 1, 4, 6, 2, 4, 1, 3, 0, 0, 4, 3, 8, 1, 7, 2, 0, 1, 8, 9, 5, 3, 9, 7, 1, 2, 4, 9, 2, 7, 9, 6, 7, 7, 4, 9, 7, 5, 6, 6, 7, 4, 5, 3, 3, 8, 3, 7, 6, 9, 5, 3, 6, 4, 8, 5, 3, 4, 4, 7, 8, 6, 6, 6, 8, 5, 2, 7, 4, 4, 8, 8, 7, 8, 1, 6, 3, 5, 2, 6, 2, 6, 8, 3, 5, 3, 2, 1, 2, 0, 2, 4, 1, 1, 5, 6, 5, 1]
[0, 6, 4, 1, 6, 7, 0, 5, 0, 5, 1, 1, 4, 8, 7, 5, 2, 8, 1, 4, 5, 4, 3, 3, 1, 3, 5, 4, 4, 4, 3, 2, 8, 3, 4, 8, 5, 5, 9, 3, 5, 8, 5, 7, 3, 7, 7, 3, 3, 4, 5, 4, 3, 3, 3, 9, 7, 8, 7, 6, 3, 8, 8, 3, 8, 5, 4, 8, 3, 6, 6, 2, 3, 6, 4, 7, 7, 1, 9, 4, 1, 1, 6, 3, 6, 5, 8, 8, 0, 0, 3, 1, 0, 7, 5, 6, 4, 4, 4]
[4, 3, 6, 6, 3, 6, 4, 0, 5, 0, 2, 7, 3, 0, 4, 7, 4, 7, 3, 9, 1, 4, 1, 2, 7, 4, 2, 7, 9, 8, 5, 8, 3, 3, 4, 2, 9, 7, 5, 6, 7, 6, 8, 5, 8, 7, 8, 4, 3, 4, 6, 3, 7, 8, 4, 5, 5, 5, 5, 4, 8, 9, 8, 6, 7, 3, 5, 7, 9, 8, 5, 3, 5, 2, 6, 3, 5, 1, 2, 7, 5, 2, 1, 6, 5, 7, 4, 5, 3, 8, 0, 6, 0, 5, 0, 6, 7, 7, 4]
[5, 6, 6, 5, 4, 0, 1, 3, 0, 4, 4, 1, 7, 0, 6, 7, 8, 2, 8, 1, 1, 7, 6, 3, 1, 5, 6, 8, 8, 6, 2, 7, 7, 6, 3, 6, 2, 4, 7, 6, 6, 9, 3, 9, 7, 6, 4, 6, 5, 6, 6, 4, 3, 3, 3, 9, 9, 7, 7, 7, 9, 6, 5, 6, 7, 4, 8, 4, 3, 6, 3, 3, 8, 7, 7, 7, 1, 6, 6, 9, 1, 9, 2, 0, 7, 5, 0, 3, 6, 1, 1, 2, 7, 2, 4, 1, 1, 5, 5]
[0, 5, 3, 3, 7, 2, 1, 1, 7, 5, 4, 2, 7, 7, 2, 1, 7, 0, 6, 1, 1, 4, 4, 8, 3, 1, 1, 4, 7, 2, 4, 3, 2, 4, 9, 5, 2, 7, 7, 2, 8, 4, 4, 9, 8, 8, 3, 7, 5, 3, 5, 4, 8, 6, 3, 4, 4, 5, 9, 5, 3, 6, 6, 6, 3, 2, 7, 7, 3, 9, 9, 8, 4, 9, 2, 3, 2, 3, 6, 7, 4, 8, 5, 3, 7, 3, 2, 4, 1, 3, 0, 3, 0, 5, 4, 2, 0, 4, 6]
[5, 3, 4, 3, 6, 4, 4, 4, 7, 3, 2, 0, 6, 7, 0, 8, 6, 7, 3, 3, 9, 1, 5, 3, 4, 7, 4, 8, 2, 4, 3, 7, 4, 9, 5, 7, 3, 5, 9, 8, 4, 3, 9, 3, 9, 9, 6, 5, 3, 8, 4, 7, 9, 8, 8, 9, 5, 3, 7, 6, 2, 9, 2, 6, 9, 8, 4, 9, 7, 3, 7, 8, 5, 5, 9, 4, 3, 7, 6, 7, 4, 0, 8, 3, 0, 1, 1, 7, 3, 0, 7, 4, 7, 7, 1, 3, 7, 1, 3]
[2, 1, 6, 2, 6, 4, 1, 6, 1, 4, 4, 4, 1, 7, 7, 3, 5, 8, 5, 4, 5, 3, 5, 6, 8, 5, 4, 3, 8, 2, 9, 5, 8, 5, 6, 5, 6, 6, 7, 9, 9, 9, 9, 8, 5, 3, 7, 7, 6, 9, 5, 8, 8, 9, 3, 6, 5, 4, 6, 4, 4, 6, 4, 5, 6, 5, 4, 3, 4, 2, 8, 3, 6, 6, 4, 4, 4, 4, 6, 7, 4, 3, 5, 1, 0, 7, 0, 4, 2, 7, 0, 6, 2, 5, 1, 0, 1, 1, 2]
[3, 6, 4, 2, 0, 6, 7, 6, 3, 7, 4, 5, 5, 5, 4, 3, 3, 7, 5, 7, 4, 2, 9, 6, 1, 4, 5, 5, 3, 9, 3, 4, 2, 7, 5, 5, 2, 3, 7, 3, 4, 7, 2, 3, 7, 6, 8, 9, 7, 6, 5, 2, 4, 9, 4, 2, 4, 5, 7, 6, 3, 8, 7, 5, 3, 3, 8, 3, 5, 2, 8, 4, 2, 4, 9, 3, 3, 7, 9, 5, 1, 5, 5, 2, 3, 1, 8, 1, 6, 6, 5, 3, 2, 7, 1, 7, 3, 2, 0]
[3, 0, 1, 3, 2, 1, 3, 5, 6, 4, 0, 1, 2, 7, 3, 8, 1, 0, 3, 7, 4, 5, 2, 4, 9, 4, 7, 2, 3, 4, 8, 1, 7, 4, 8, 3, 2, 5, 5, 9, 6, 7, 8, 4, 8, 3, 3, 6, 7, 2, 3, 8, 2, 3, 8, 2, 9, 8, 2, 4, 9, 8, 7, 4, 2, 4, 8, 3, 1, 5, 7, 1, 6, 9, 3, 5, 8, 5, 2, 4, 3, 1, 8, 3, 8, 7, 1, 3, 7, 4, 1, 2, 1, 7, 0, 5, 4, 6, 3]
[0, 1, 3, 1, 4, 2, 0, 7, 5, 5, 2, 2, 1, 6, 5, 0, 1, 7, 7, 1, 6, 7, 3, 3, 7, 8, 4, 3, 9, 6, 3, 3, 2, 4, 8, 7, 6, 8, 9, 8, 2, 5, 3, 5, 6, 3, 4, 4, 2, 6, 5, 7, 3, 6, 8, 2, 2, 6, 6, 6, 8, 4, 3, 7, 4, 2, 9, 5, 5, 8, 2, 3, 1, 6, 5, 7, 1, 6, 7, 6, 1, 8, 5, 5, 4, 3, 8, 1, 5, 4, 4, 1, 3, 6, 4, 1, 1, 1, 5]
[6, 3, 0, 5, 1, 5, 1, 5, 0, 4, 1, 1, 4, 2, 5, 6, 0, 7, 5, 4, 2, 4, 6, 3, 6, 5, 2, 1, 7, 4, 2, 1, 6, 6, 3, 3, 5, 5, 4, 9, 7, 8, 9, 8, 2, 5, 7, 2, 4, 6, 3, 8, 7, 3, 2, 5, 9, 3, 3, 8, 3, 9, 2, 2, 4, 7, 8, 7, 4, 8, 3, 7, 3, 3, 5, 3, 2, 4, 7, 2, 0, 6, 6, 8, 0, 1, 4, 5, 4, 5, 6, 5, 2, 1, 5, 5, 2, 0, 2]
[4, 5, 5, 0, 3, 1, 4, 6, 5, 4, 6, 6, 4, 3, 6, 5, 2, 5, 8, 1, 3, 3, 0, 3, 4, 1, 4, 9, 6, 6, 4, 4, 5, 8, 4, 5, 6, 4, 8, 5, 7, 6, 4, 9, 8, 8, 5, 4, 8, 8, 3, 5, 5, 8, 2, 9, 8, 4, 5, 6, 2, 6, 9, 1, 1, 3, 9, 6, 8, 3, 8, 3, 1, 9, 6, 0, 2, 5, 7, 2, 0, 0, 7, 0, 2, 3, 3, 6, 3, 5, 4, 1, 2, 3, 2, 6, 5, 5, 5]
[5, 1, 3, 5, 4, 1, 2, 6, 0, 4, 7, 3, 2, 7, 3, 2, 7, 5, 0, 3, 5, 5, 3, 7, 8, 7, 0, 7, 4, 9, 7, 6, 7, 1, 6, 6, 5, 8, 3, 5, 7, 2, 6, 7, 8, 4, 6, 9, 5, 8, 3, 4, 7, 6, 2, 7, 6, 9, 9, 8, 6, 7, 7, 9, 4, 9, 2, 3, 9, 2, 8, 6, 7, 3, 4, 6, 3, 3, 0, 6, 2, 7, 4, 5, 3, 3, 5, 0, 4, 2, 0, 0, 1, 5, 3, 1, 2, 2, 1]
[6, 0, 1, 3, 6, 5, 0, 5, 3, 2, 4, 1, 6, 4, 6, 6, 7, 5, 2, 8, 7, 5, 5, 0, 2, 5, 4, 7, 2, 1, 4, 1, 3, 8, 8, 5, 1, 6, 2, 9, 5, 4, 5, 2, 9, 9, 8, 5, 8, 2, 5, 6, 6, 8, 2, 9, 9, 2, 1, 9, 7, 7, 1, 9, 2, 2, 5, 2, 4, 7, 2, 9, 3, 0, 2, 7, 0, 6, 1, 1, 6, 4, 0, 6, 6, 3, 0, 4, 1, 4, 2, 5, 3, 2, 6, 4, 4, 0, 5]
[4, 0, 0, 3, 4, 4, 3, 4, 6, 3, 3, 0, 3, 0, 7, 0, 3, 6, 5, 6, 2, 6, 1, 5, 0, 0, 4, 2, 2, 7, 6, 9, 3, 3, 1, 6, 3, 9, 8, 3, 7, 4, 1, 9, 5, 4, 1, 5, 5, 6, 2, 3, 8, 1, 6, 5, 5, 1, 3, 4, 6, 2, 7, 5, 8, 1, 2, 9, 9, 6, 1, 7, 6, 5, 3, 4, 7, 7, 4, 4, 1, 6, 0, 7, 6, 4, 4, 2, 4, 5, 0, 7, 4, 5, 2, 4, 6, 0, 0]
[2, 1, 0, 3, 1, 3, 4, 4, 2, 0, 4, 7, 5, 5, 2, 6, 6, 3, 0, 8, 2, 4, 6, 5, 6, 0, 8, 1, 4, 7, 6, 2, 8, 8, 1, 6, 3, 7, 1, 6, 4, 8, 8, 2, 3, 7, 6, 4, 4, 9, 3, 3, 2, 2, 5, 5, 9, 3, 6, 5, 3, 5, 2, 9, 9, 4, 1, 7, 8, 9, 1, 3, 3, 4, 4, 6, 5, 8, 2, 5, 5, 5, 7, 3, 6, 1, 4, 4, 1, 2, 7, 6, 6, 5, 6, 0, 5, 5, 3]
[1, 1, 1, 3, 5, 2, 6, 3, 1, 0, 5, 5, 4, 6, 4, 1, 3, 7, 1, 4, 5, 1, 5, 2, 2, 0, 2, 8, 7, 8, 5, 0, 8, 9, 8, 4, 8, 8, 3, 2, 9, 8, 4, 8, 8, 5, 9, 1, 2, 1, 3, 2, 5, 4, 2, 9, 3, 9, 6, 9, 8, 6, 2, 5, 5, 5, 1, 4, 4, 0, 8, 1, 5, 5, 6, 4, 1, 4, 0, 4, 4, 4, 2, 1, 6, 3, 1, 6, 6, 5, 2, 2, 5, 5, 2, 2, 2, 6, 4]
[0, 1, 0, 1, 6, 4, 4, 3, 1, 2, 4, 7, 7, 5, 1, 0, 3, 7, 4, 3, 5, 2, 6, 4, 7, 1, 3, 2, 3, 8, 2, 2, 3, 2, 4, 7, 8, 7, 1, 4, 4, 8, 9, 1, 7, 5, 6, 3, 4, 9, 5, 6, 2, 5, 6, 4, 3, 1, 6, 8, 7, 2, 5, 5, 8, 7, 5, 5, 1, 4, 3, 3, 1, 1, 4, 3, 4, 2, 1, 0, 7, 0, 5, 5, 3, 3, 4, 2, 7, 2, 4, 0, 3, 3, 0, 1, 4, 6, 6]
[5, 2, 5, 2, 5, 3, 1, 5, 4, 6, 0, 5, 6, 4, 0, 5, 0, 0, 0, 2, 5, 2, 7, 4, 2, 4, 7, 1, 2, 1, 1, 5, 1, 6, 6, 4, 6, 1, 5, 5, 1, 1, 7, 9, 4, 9, 5, 8, 1, 9, 1, 6, 4, 7, 4, 6, 4, 4, 7, 9, 6, 3, 8, 4, 7, 1, 5, 6, 3, 7, 0, 8, 8, 6, 5, 2, 1, 5, 7, 6, 7, 3, 6, 7, 6, 2, 2, 4, 3, 2, 6, 1, 4, 2, 4, 3, 2, 2, 1]
[4, 1, 4, 1, 4, 4, 4, 5, 6, 6, 5, 2, 4, 5, 1, 5, 7, 7, 0, 5, 1, 3, 6, 4, 6, 1, 0, 7, 8, 0, 0, 8, 3, 4, 6, 0, 3, 2, 5, 1, 1, 1, 5, 8, 6, 6, 7, 2, 6, 2, 1, 6, 7, 1, 5, 7, 5, 1, 2, 3, 5, 4, 7, 8, 0, 6, 7, 5, 1, 3, 8, 5, 1, 7, 6, 7, 6, 6, 6, 7, 6, 6, 7, 6, 6, 3, 3, 0, 1, 6, 1, 2, 6, 1, 5, 6, 3, 4, 0]
[4, 0, 3, 1, 2, 5, 4, 2, 0, 1, 2, 4, 6, 6, 0, 6, 2, 2, 4, 4, 6, 3, 1, 2, 3, 0, 8, 5, 5, 6, 1, 3, 1, 0, 7, 2, 7, 0, 2, 4, 6, 4, 3, 2, 3, 7, 7, 4, 7, 5, 9, 9, 7, 7, 7, 6, 3, 6, 8, 0, 2, 8, 7, 7, 8, 7, 0, 5, 8, 8, 7, 3, 7, 8, 8, 2, 5, 1, 4, 5, 3, 0, 2, 0, 2, 7, 4, 0, 3, 6, 2, 2, 2, 5, 5, 6, 0, 1, 5]
[0, 1, 0, 4, 5, 0, 4, 2, 0, 4, 6, 1, 5, 5, 2, 2, 3, 4, 7, 0, 3, 0, 2, 4, 3, 6, 6, 2, 6, 1, 4, 6, 2, 0, 2, 4, 6, 2, 4, 2, 6, 8, 7, 2, 8, 4, 2, 4, 6, 6, 1, 1, 1, 5, 8, 7, 0, 4, 4, 7, 0, 1, 7, 7, 4, 6, 1, 3, 2, 5, 5, 1, 3, 2, 6, 2, 2, 5, 6, 2, 3, 2, 4, 5, 1, 4, 0, 2, 2, 0, 6, 4, 3, 2, 3, 5, 3, 0, 4]
[3, 3, 1, 0, 5, 3, 0, 4, 4, 1, 3, 2, 0, 1, 0, 1, 2, 0, 2, 1, 4, 0, 2, 6, 1, 0, 2, 7, 3, 8, 8, 5, 8, 1, 1, 2, 1, 8, 1, 0, 6, 5, 5, 3, 2, 0, 6, 0, 2, 8, 1, 1, 6, 1, 7, 6, 3, 0, 6, 4, 2, 7, 7, 5, 1, 4, 4, 7, 5, 4, 5, 8, 5, 2, 6, 5, 5, 4, 5, 4, 7, 6, 2, 2, 1, 0, 2, 2, 0, 4, 6, 0, 0, 5, 0, 2, 3, 3, 3]
[5, 3, 0, 2, 3, 2, 0, 2, 1, 5, 2, 0, 6, 1, 3, 2, 4, 2, 2, 5, 7, 7, 6, 3, 6, 7, 1, 2, 7, 1, 0, 0, 0, 3, 2, 1, 8, 6, 0, 5, 5, 2, 1, 7, 7, 2, 7, 4, 5, 0, 6, 5, 8, 1, 3, 1, 5, 4, 0, 3, 2, 8, 0, 3, 7, 8, 4, 2, 7, 0, 1, 2, 5, 3, 0, 1, 2, 1, 3, 2, 0, 2, 6, 2, 0, 1, 5, 3, 4, 3, 2, 1, 1, 5, 0, 0, 5, 5, 2]
[5, 1, 3, 4, 5, 1, 5, 0, 3, 5, 5, 6, 6, 2, 6, 2, 2, 1, 3, 1, 4, 4, 5, 2, 4, 3, 1, 1, 6, 0, 4, 2, 4, 3, 6, 2, 6, 2, 3, 1, 7, 2, 4, 2, 4, 4, 0, 3, 7, 3, 3, 6, 1, 5, 1, 0, 7, 8, 3, 2, 1, 6, 0, 2, 7, 5, 4, 0, 6, 5, 4, 3, 2, 6, 5, 7, 2, 5, 3, 2, 7, 3, 2, 2, 5, 5, 5, 3, 4, 2, 2, 2, 2, 5, 4, 2, 5, 0, 2]
[2, 0, 2, 0, 5, 1, 4, 2, 0, 2, 3, 6, 0, 6, 6, 3, 6, 1, 4, 2, 3, 1, 3, 0, 7, 2, 5, 1, 3, 1, 5, 6, 2, 7, 1, 4, 6, 2, 6, 8, 8, 4, 3, 6, 8, 3, 1, 7, 2, 1, 2, 0, 2, 2, 2, 8, 3, 3, 8, 0, 7, 4, 7, 2, 1, 2, 4, 2, 7, 7, 5, 3, 1, 5, 5, 7, 3, 1, 7, 0, 1, 6, 0, 0, 3, 5, 6, 5, 6, 5, 4, 0, 0, 5, 4, 2, 4, 0, 2]
[4, 3, 5, 1, 4, 5, 2, 1, 5, 1, 0, 2, 6, 1, 1, 3, 2, 5, 1, 0, 0, 6, 6, 2, 2, 6, 6, 0, 0, 6, 5, 6, 1, 3, 6, 6, 7, 0, 5, 8, 7, 5, 6, 1, 6, 4, 8, 8, 2, 6, 2, 6, 6, 5, 6, 6, 0, 4, 6, 0, 4, 5, 0, 4, 1, 2, 2, 7, 0, 3, 4, 3, 5, 0, 1, 0, 2, 2, 6, 4, 2, 5, 5, 5, 0, 5, 2, 2, 6, 2, 1, 4, 2, 0, 3, 5, 5, 0, 2]
[3, 3, 4, 4, 0, 3, 4, 5, 4, 4, 5, 5, 5, 0, 3, 5, 0, 1, 6, 2, 2, 4, 5, 0, 0, 3, 5, 0, 6, 4, 4, 4, 1, 3, 7, 4, 6, 5, 3, 7, 7, 5, 1, 7, 7, 0, 2, 6, 4, 7, 5, 8, 0, 4, 1, 2, 1, 6, 4, 2, 1, 2, 0, 2, 1, 0, 2, 0, 7, 0, 6, 1, 7, 5, 7, 6, 1, 0, 2, 6, 2, 6, 4, 1, 2, 2, 0, 2, 4, 3, 4, 0, 2, 3, 0, 2, 5, 4, 5]
[3, 2, 1, 3, 1, 1, 2, 1, 4, 4, 4, 2, 6, 6, 1, 4, 6, 2, 2, 4, 5, 1, 0, 2, 1, 7, 5, 5, 2, 2, 2, 4, 1, 1, 3, 0, 5, 3, 2, 3, 3, 7, 1, 7, 0, 2, 6, 6, 1, 5, 5, 0, 7, 1, 6, 1, 1, 2, 5, 4, 1, 6, 4, 1, 2, 7, 7, 7, 6, 6, 7, 4, 5, 7, 0, 1, 6, 6, 0, 5, 5, 2, 4, 6, 2, 1, 1, 5, 6, 2, 1, 3, 0, 5, 0, 0, 4, 3, 1]
[4, 4, 3, 1, 2, 4, 5, 0, 3, 2, 5, 2, 5, 0, 3, 6, 2, 2, 4, 1, 4, 6, 3, 2, 3, 0, 4, 0, 2, 6, 6, 5, 3, 1, 7, 3, 0, 7, 0, 6, 7, 0, 6, 6, 1, 2, 3, 1, 0, 6, 3, 7, 6, 6, 0, 5, 2, 6, 0, 5, 4, 3, 5, 5, 1, 4, 2, 2, 3, 3, 5, 7, 3, 6, 1, 5, 6, 1, 1, 5, 0, 2, 2, 5, 2, 5, 4, 5, 5, 3, 2, 0, 5, 3, 1, 5, 1, 1, 1]
[2, 3, 2, 1, 2, 0, 0, 5, 5, 1, 2, 4, 3, 0, 4, 4, 6, 2, 5, 1, 2, 5, 3, 2, 5, 0, 0, 5, 0, 2, 1, 5, 6, 5, 3, 1, 0, 3, 2, 2, 0, 7, 7, 2, 6, 4, 3, 7, 3, 3, 3, 2, 1, 3, 0, 5, 1, 4, 0, 6, 4, 1, 4, 3, 3, 3, 2, 0, 7, 2, 4, 1, 2, 6, 5, 3, 1, 2, 0, 5, 2, 3, 5, 6, 5, 2, 5, 3, 1, 0, 4, 1, 0, 4, 5, 1, 5, 1, 1]
[2, 0, 2, 0, 0, 2, 3, 1, 1, 1, 0, 3, 1, 4, 1, 1, 6, 4, 6, 3, 0, 1, 0, 6, 0, 2, 3, 6, 5, 6, 0, 1, 7, 4, 4, 1, 2, 0, 3, 7, 3, 1, 7, 0, 6, 1, 7, 4, 1, 6, 3, 2, 5, 7, 3, 2, 2, 3, 1, 1, 0, 7, 3, 4, 3, 2, 5, 7, 5, 7, 7, 1, 5, 2, 5, 3, 4, 4, 4, 3, 6, 6, 0, 0, 2, 2, 0, 2, 0, 0, 0, 5, 0, 0, 5, 1, 3, 4, 2]
[0, 4, 1, 0, 0, 4, 2, 1, 2, 3, 4, 2, 4, 1, 2, 1, 2, 0, 3, 3, 3, 6, 4, 5, 2, 3, 0, 3, 6, 2, 4, 4, 6, 7, 3, 2, 2, 3, 3, 3, 4, 2, 6, 6, 2, 1, 2, 3, 5, 3, 5, 5, 7, 5, 3, 1, 5, 7, 0, 2, 0, 2, 3, 3, 2, 2, 7, 5, 7, 2, 0, 0, 1, 2, 6, 2, 2, 1, 4, 4, 3, 4, 3, 2, 1, 4, 2, 4, 0, 0, 1, 4, 5, 2, 2, 0, 4, 4, 3]
[4, 2, 0, 3, 3, 4, 4, 5, 2, 1, 0, 5, 5, 3, 3, 3, 1, 3, 5, 5, 2, 2, 6, 3, 5, 6, 6, 2, 5, 6, 6, 1, 1, 3, 3, 3, 1, 6, 3, 0, 2, 2, 7, 1, 7, 2, 6, 6, 2, 6, 4, 7, 4, 3, 3, 6, 3, 6, 0, 2, 1, 0, 3, 3, 7, 1, 4, 6, 4, 1, 3, 2, 1, 1, 6, 2, 3, 0, 5, 6, 0, 5, 0, 1, 1, 1, 3, 0, 5, 4, 4, 4, 2, 3, 4, 2, 0, 4, 2]

visible tree (row,col) ( 2 , 2 ) height= 3
visible tree (row,col) ( 2 , 6 ) height= 4
visible tree (row,col) ( 2 , 8 ) height= 3
visible tree (row,col) ( 2 , 9 ) height= 1
visible tree (row,col) ( 2 , 11 ) height= 3
visible tree (row,col) ( 2 , 12 ) height= 5
visible tree (row,col) ( 2 , 14 ) height= 4
visible tree (row,col) ( 2 , 15 ) height= 5
visible tree (row,col) ( 2 , 17 ) height= 3
visible tree (row,col) ( 2 , 23 ) height= 3
visible tree (row,col) ( 2 , 24 ) height= 2
visible tree (row,col) ( 2 , 27 ) height= 3
visible tree (row,col) ( 2 , 30 ) height= 6
visible tree (row,col) ( 2 , 31 ) height= 5
visible tree (row,col) ( 2 , 34 ) height= 4
visible tree (row,col) ( 2 , 35 ) height= 2
visible tree (row,col) ( 2 , 38 ) height= 5
visible tree (row,col) ( 2 , 40 ) height= 3
visible tree (row,col) ( 2 , 41 ) height= 5
visible tree (row,col) ( 2 , 43 ) height= 5
visible tree (row,col) ( 2 , 45 ) height= 7
visible tree (row,col) ( 2 , 46 ) height= 6
visible tree (row,col) ( 2 , 48 ) height= 4
visible tree (row,col) ( 2 , 50 ) height= 4
visible tree (row,col) ( 2 , 51 ) height= 6
visible tree (row,col) ( 2 , 52 ) height= 6
visible tree (row,col) ( 2 , 53 ) height= 3
visible tree (row,col) ( 2 , 54 ) height= 6
visible tree (row,col) ( 2 , 57 ) height= 7
visible tree (row,col) ( 2 , 59 ) height= 5
visible tree (row,col) ( 2 , 64 ) height= 3
visible tree (row,col) ( 2 , 65 ) height= 2
visible tree (row,col) ( 2 , 69 ) height= 6
visible tree (row,col) ( 2 , 70 ) height= 5
visible tree (row,col) ( 2 , 72 ) height= 1
visible tree (row,col) ( 2 , 77 ) height= 5
visible tree (row,col) ( 2 , 87 ) height= 1
visible tree (row,col) ( 2 , 88 ) height= 3
visible tree (row,col) ( 2 , 89 ) height= 3
visible tree (row,col) ( 2 , 92 ) height= 3
visible tree (row,col) ( 2 , 93 ) height= 3
visible tree (row,col) ( 2 , 94 ) height= 2
visible tree (row,col) ( 2 , 95 ) height= 4
visible tree (row,col) ( 2 , 96 ) height= 3
visible tree (row,col) ( 2 , 98 ) height= 4
visible tree (row,col) ( 3 , 2 ) height= 4
visible tree (row,col) ( 3 , 4 ) height= 3
visible tree (row,col) ( 3 , 6 ) height= 3
visible tree (row,col) ( 3 , 8 ) height= 3
visible tree (row,col) ( 3 , 9 ) height= 3
visible tree (row,col) ( 3 , 14 ) height= 3
visible tree (row,col) ( 3 , 16 ) height= 5
visible tree (row,col) ( 3 , 23 ) height= 3
visible tree (row,col) ( 3 , 24 ) height= 1
visible tree (row,col) ( 3 , 30 ) height= 6
visible tree (row,col) ( 3 , 34 ) height= 5
visible tree (row,col) ( 3 , 36 ) height= 3
visible tree (row,col) ( 3 , 46 ) height= 4
visible tree (row,col) ( 3 , 50 ) height= 2
visible tree (row,col) ( 3 , 56 ) height= 5
visible tree (row,col) ( 3 , 57 ) height= 2
visible tree (row,col) ( 3 , 64 ) height= 5
visible tree (row,col) ( 3 , 69 ) height= 6
visible tree (row,col) ( 3 , 72 ) height= 6
visible tree (row,col) ( 3 , 84 ) height= 5
visible tree (row,col) ( 3 , 91 ) height= 2
visible tree (row,col) ( 3 , 92 ) height= 5
visible tree (row,col) ( 3 , 94 ) height= 1
visible tree (row,col) ( 3 , 96 ) height= 2
visible tree (row,col) ( 4 , 3 ) height= 4
visible tree (row,col) ( 4 , 8 ) height= 5
visible tree (row,col) ( 4 , 18 ) height= 6
visible tree (row,col) ( 4 , 19 ) height= 2
visible tree (row,col) ( 4 , 21 ) height= 6
visible tree (row,col) ( 4 , 24 ) height= 6
visible tree (row,col) ( 4 , 27 ) height= 4
visible tree (row,col) ( 4 , 36 ) height= 7
visible tree (row,col) ( 4 , 38 ) height= 7
visible tree (row,col) ( 4 , 41 ) height= 7
visible tree (row,col) ( 4 , 42 ) height= 7
visible tree (row,col) ( 4 , 48 ) height= 4
visible tree (row,col) ( 4 , 50 ) height= 1
visible tree (row,col) ( 4 , 62 ) height= 7
visible tree (row,col) ( 4 , 64 ) height= 7
visible tree (row,col) ( 4 , 65 ) height= 5
visible tree (row,col) ( 4 , 69 ) height= 5
visible tree (row,col) ( 4 , 87 ) height= 4
visible tree (row,col) ( 4 , 94 ) height= 3
visible tree (row,col) ( 5 , 2 ) height= 3
visible tree (row,col) ( 5 , 3 ) height= 4
visible tree (row,col) ( 5 , 4 ) height= 3
visible tree (row,col) ( 5 , 7 ) height= 5
visible tree (row,col) ( 5 , 8 ) height= 4
visible tree (row,col) ( 5 , 14 ) height= 5
visible tree (row,col) ( 5 , 18 ) height= 6
visible tree (row,col) ( 5 , 20 ) height= 6
visible tree (row,col) ( 5 , 26 ) height= 5
visible tree (row,col) ( 5 , 27 ) height= 6
visible tree (row,col) ( 5 , 32 ) height= 7
visible tree (row,col) ( 5 , 36 ) height= 7
visible tree (row,col) ( 5 , 37 ) height= 6
visible tree (row,col) ( 5 , 38 ) height= 7
visible tree (row,col) ( 5 , 40 ) height= 7
visible tree (row,col) ( 5 , 41 ) height= 7
visible tree (row,col) ( 5 , 64 ) height= 5
visible tree (row,col) ( 5 , 65 ) height= 3
visible tree (row,col) ( 5 , 70 ) height= 7
visible tree (row,col) ( 5 , 71 ) height= 6
visible tree (row,col) ( 5 , 72 ) height= 6
visible tree (row,col) ( 5 , 84 ) height= 5
visible tree (row,col) ( 5 , 87 ) height= 5
visible tree (row,col) ( 5 , 88 ) height= 5
visible tree (row,col) ( 5 , 90 ) height= 5
visible tree (row,col) ( 5 , 91 ) height= 5
visible tree (row,col) ( 5 , 92 ) height= 4
visible tree (row,col) ( 5 , 94 ) height= 1
visible tree (row,col) ( 6 , 5 ) height= 5
visible tree (row,col) ( 6 , 12 ) height= 5
visible tree (row,col) ( 6 , 18 ) height= 6
visible tree (row,col) ( 6 , 35 ) height= 7
visible tree (row,col) ( 6 , 37 ) height= 7
visible tree (row,col) ( 6 , 63 ) height= 6
visible tree (row,col) ( 6 , 64 ) height= 7
visible tree (row,col) ( 6 , 65 ) height= 7
visible tree (row,col) ( 6 , 67 ) height= 7
visible tree (row,col) ( 6 , 73 ) height= 6
visible tree (row,col) ( 6 , 92 ) height= 5
visible tree (row,col) ( 7 , 2 ) height= 1
visible tree (row,col) ( 7 , 11 ) height= 5
visible tree (row,col) ( 7 , 17 ) height= 5
visible tree (row,col) ( 7 , 23 ) height= 6
visible tree (row,col) ( 7 , 43 ) height= 7
visible tree (row,col) ( 7 , 47 ) height= 7
visible tree (row,col) ( 7 , 49 ) height= 7
visible tree (row,col) ( 7 , 73 ) height= 7
visible tree (row,col) ( 7 , 81 ) height= 4
visible tree (row,col) ( 7 , 90 ) height= 5
visible tree (row,col) ( 7 , 95 ) height= 5
visible tree (row,col) ( 7 , 98 ) height= 2
visible tree (row,col) ( 8 , 14 ) height= 6
visible tree (row,col) ( 8 , 17 ) height= 6
visible tree (row,col) ( 8 , 19 ) height= 6
visible tree (row,col) ( 8 , 20 ) height= 6
visible tree (row,col) ( 8 , 33 ) height= 6
visible tree (row,col) ( 8 , 47 ) height= 8
visible tree (row,col) ( 8 , 75 ) height= 7
visible tree (row,col) ( 8 , 77 ) height= 6
visible tree (row,col) ( 8 , 78 ) height= 6
visible tree (row,col) ( 8 , 96 ) height= 5
visible tree (row,col) ( 9 , 3 ) height= 4
visible tree (row,col) ( 9 , 4 ) height= 5
visible tree (row,col) ( 9 , 24 ) height= 7
visible tree (row,col) ( 9 , 47 ) height= 7
visible tree (row,col) ( 9 , 49 ) height= 7
visible tree (row,col) ( 9 , 59 ) height= 8
visible tree (row,col) ( 9 , 63 ) height= 7
visible tree (row,col) ( 9 , 71 ) height= 7
visible tree (row,col) ( 9 , 80 ) height= 6
visible tree (row,col) ( 9 , 85 ) height= 6
visible tree (row,col) ( 9 , 92 ) height= 5
visible tree (row,col) ( 9 , 98 ) height= 2
visible tree (row,col) ( 10 , 2 ) height= 4
visible tree (row,col) ( 10 , 4 ) height= 4
visible tree (row,col) ( 10 , 5 ) height= 4
visible tree (row,col) ( 10 , 9 ) height= 5
visible tree (row,col) ( 10 , 33 ) height= 6
visible tree (row,col) ( 10 , 42 ) height= 8
visible tree (row,col) ( 10 , 54 ) height= 8
visible tree (row,col) ( 10 , 56 ) height= 8
visible tree (row,col) ( 10 , 63 ) height= 7
visible tree (row,col) ( 10 , 64 ) height= 8
visible tree (row,col) ( 10 , 73 ) height= 7
visible tree (row,col) ( 11 , 14 ) height= 6
visible tree (row,col) ( 11 , 23 ) height= 6
visible tree (row,col) ( 11 , 25 ) height= 7
visible tree (row,col) ( 11 , 27 ) height= 7
visible tree (row,col) ( 11 , 56 ) height= 8
visible tree (row,col) ( 11 , 60 ) height= 8
visible tree (row,col) ( 11 , 78 ) height= 7
visible tree (row,col) ( 11 , 87 ) height= 6
visible tree (row,col) ( 12 , 2 ) height= 2
visible tree (row,col) ( 12 , 13 ) height= 6
visible tree (row,col) ( 12 , 48 ) height= 8
visible tree (row,col) ( 12 , 52 ) height= 8
visible tree (row,col) ( 12 , 81 ) height= 7
visible tree (row,col) ( 12 , 83 ) height= 7
visible tree (row,col) ( 12 , 90 ) height= 6
visible tree (row,col) ( 12 , 91 ) height= 6
visible tree (row,col) ( 12 , 93 ) height= 5
visible tree (row,col) ( 12 , 96 ) height= 4
visible tree (row,col) ( 12 , 97 ) height= 3
visible tree (row,col) ( 12 , 98 ) height= 2
visible tree (row,col) ( 13 , 10 ) height= 6
visible tree (row,col) ( 13 , 11 ) height= 5
visible tree (row,col) ( 13 , 12 ) height= 6
visible tree (row,col) ( 13 , 25 ) height= 7
visible tree (row,col) ( 13 , 26 ) height= 7
visible tree (row,col) ( 13 , 39 ) height= 8
visible tree (row,col) ( 13 , 44 ) height= 8
visible tree (row,col) ( 13 , 48 ) height= 8
visible tree (row,col) ( 13 , 54 ) height= 8
visible tree (row,col) ( 13 , 59 ) height= 8
visible tree (row,col) ( 13 , 65 ) height= 8
visible tree (row,col) ( 13 , 69 ) height= 7
visible tree (row,col) ( 13 , 70 ) height= 7
visible tree (row,col) ( 13 , 83 ) height= 7
visible tree (row,col) ( 13 , 89 ) height= 6
visible tree (row,col) ( 13 , 90 ) height= 6
visible tree (row,col) ( 13 , 92 ) height= 6
visible tree (row,col) ( 13 , 94 ) height= 6
visible tree (row,col) ( 13 , 95 ) height= 5
visible tree (row,col) ( 13 , 96 ) height= 3
visible tree (row,col) ( 13 , 98 ) height= 4
visible tree (row,col) ( 14 , 5 ) height= 5
visible tree (row,col) ( 14 , 18 ) height= 7
visible tree (row,col) ( 14 , 24 ) height= 7
visible tree (row,col) ( 14 , 28 ) height= 7
visible tree (row,col) ( 14 , 32 ) height= 7
visible tree (row,col) ( 14 , 39 ) height= 8
visible tree (row,col) ( 14 , 42 ) height= 8
visible tree (row,col) ( 14 , 52 ) height= 8
visible tree (row,col) ( 14 , 66 ) height= 8
visible tree (row,col) ( 14 , 67 ) height= 8
visible tree (row,col) ( 14 , 71 ) height= 7
visible tree (row,col) ( 14 , 72 ) height= 7
visible tree (row,col) ( 14 , 78 ) height= 7
visible tree (row,col) ( 14 , 94 ) height= 6
visible tree (row,col) ( 15 , 15 ) height= 5
visible tree (row,col) ( 15 , 16 ) height= 7
visible tree (row,col) ( 15 , 17 ) height= 7
visible tree (row,col) ( 15 , 19 ) height= 7
visible tree (row,col) ( 15 , 24 ) height= 6
visible tree (row,col) ( 15 , 38 ) height= 7
visible tree (row,col) ( 15 , 50 ) height= 8
visible tree (row,col) ( 15 , 51 ) height= 9
visible tree (row,col) ( 15 , 53 ) height= 9
visible tree (row,col) ( 15 , 63 ) height= 8
visible tree (row,col) ( 15 , 72 ) height= 7
visible tree (row,col) ( 15 , 80 ) height= 7
visible tree (row,col) ( 15 , 90 ) height= 6
visible tree (row,col) ( 15 , 91 ) height= 6
visible tree (row,col) ( 16 , 6 ) height= 6
visible tree (row,col) ( 16 , 7 ) height= 6
visible tree (row,col) ( 16 , 50 ) height= 9
visible tree (row,col) ( 16 , 52 ) height= 8
visible tree (row,col) ( 16 , 71 ) height= 8
visible tree (row,col) ( 16 , 74 ) height= 8
visible tree (row,col) ( 16 , 95 ) height= 6
visible tree (row,col) ( 17 , 10 ) height= 6
visible tree (row,col) ( 17 , 15 ) height= 7
visible tree (row,col) ( 17 , 22 ) height= 7
visible tree (row,col) ( 17 , 23 ) height= 7
visible tree (row,col) ( 17 , 29 ) height= 8
visible tree (row,col) ( 17 , 39 ) height= 8
visible tree (row,col) ( 17 , 40 ) height= 9
visible tree (row,col) ( 17 , 69 ) height= 8
visible tree (row,col) ( 17 , 85 ) height= 7
visible tree (row,col) ( 17 , 94 ) height= 6
visible tree (row,col) ( 17 , 96 ) height= 6
visible tree (row,col) ( 17 , 97 ) height= 6
visible tree (row,col) ( 17 , 98 ) height= 2
visible tree (row,col) ( 18 , 2 ) height= 5
visible tree (row,col) ( 18 , 9 ) height= 6
visible tree (row,col) ( 18 , 24 ) height= 7
visible tree (row,col) ( 18 , 25 ) height= 8
visible tree (row,col) ( 18 , 31 ) height= 8
visible tree (row,col) ( 18 , 46 ) height= 8
visible tree (row,col) ( 18 , 49 ) height= 9
visible tree (row,col) ( 18 , 54 ) height= 8
visible tree (row,col) ( 18 , 59 ) height= 8
visible tree (row,col) ( 18 , 67 ) height= 8
visible tree (row,col) ( 18 , 71 ) height= 7
visible tree (row,col) ( 18 , 72 ) height= 8
visible tree (row,col) ( 18 , 82 ) height= 7
visible tree (row,col) ( 18 , 83 ) height= 7
visible tree (row,col) ( 18 , 85 ) height= 7
visible tree (row,col) ( 18 , 92 ) height= 5
visible tree (row,col) ( 19 , 7 ) height= 6
visible tree (row,col) ( 19 , 15 ) height= 7
visible tree (row,col) ( 19 , 18 ) height= 7
visible tree (row,col) ( 19 , 37 ) height= 8
visible tree (row,col) ( 19 , 54 ) height= 9
visible tree (row,col) ( 19 , 59 ) height= 9
visible tree (row,col) ( 19 , 64 ) height= 8
visible tree (row,col) ( 19 , 69 ) height= 8
visible tree (row,col) ( 19 , 77 ) height= 8
visible tree (row,col) ( 19 , 87 ) height= 7
visible tree (row,col) ( 19 , 93 ) height= 6
visible tree (row,col) ( 19 , 97 ) height= 6
visible tree (row,col) ( 20 , 5 ) height= 6
visible tree (row,col) ( 20 , 7 ) height= 6
visible tree (row,col) ( 20 , 25 ) height= 7
visible tree (row,col) ( 20 , 27 ) height= 8
visible tree (row,col) ( 20 , 45 ) height= 9
visible tree (row,col) ( 20 , 48 ) height= 9
visible tree (row,col) ( 20 , 57 ) height= 9
visible tree (row,col) ( 20 , 68 ) height= 9
visible tree (row,col) ( 20 , 79 ) height= 8
visible tree (row,col) ( 20 , 81 ) height= 8
visible tree (row,col) ( 20 , 97 ) height= 3
visible tree (row,col) ( 20 , 98 ) height= 3
visible tree (row,col) ( 21 , 2 ) height= 6
visible tree (row,col) ( 21 , 12 ) height= 7
visible tree (row,col) ( 21 , 26 ) height= 7
visible tree (row,col) ( 21 , 31 ) height= 9
visible tree (row,col) ( 21 , 36 ) height= 8
visible tree (row,col) ( 21 , 39 ) height= 9
visible tree (row,col) ( 21 , 40 ) height= 9
visible tree (row,col) ( 21 , 46 ) height= 8
visible tree (row,col) ( 21 , 54 ) height= 9
visible tree (row,col) ( 21 , 63 ) height= 9
visible tree (row,col) ( 21 , 66 ) height= 9
visible tree (row,col) ( 21 , 71 ) height= 9
visible tree (row,col) ( 21 , 89 ) height= 7
visible tree (row,col) ( 22 , 2 ) height= 5
visible tree (row,col) ( 22 , 4 ) height= 6
visible tree (row,col) ( 22 , 19 ) height= 8
visible tree (row,col) ( 22 , 33 ) height= 9
visible tree (row,col) ( 22 , 36 ) height= 8
visible tree (row,col) ( 22 , 41 ) height= 9
visible tree (row,col) ( 22 , 64 ) height= 9
visible tree (row,col) ( 22 , 89 ) height= 7
visible tree (row,col) ( 22 , 92 ) height= 6
visible tree (row,col) ( 22 , 95 ) height= 6
visible tree (row,col) ( 22 , 96 ) height= 5
visible tree (row,col) ( 22 , 98 ) height= 6
visible tree (row,col) ( 23 , 3 ) height= 4
visible tree (row,col) ( 23 , 4 ) height= 5
visible tree (row,col) ( 23 , 23 ) height= 8
visible tree (row,col) ( 23 , 35 ) height= 9
visible tree (row,col) ( 23 , 37 ) height= 9
visible tree (row,col) ( 23 , 39 ) height= 8
visible tree (row,col) ( 23 , 73 ) height= 9
visible tree (row,col) ( 23 , 98 ) height= 4
visible tree (row,col) ( 24 , 25 ) height= 8
visible tree (row,col) ( 24 , 31 ) height= 8
visible tree (row,col) ( 24 , 33 ) height= 9
visible tree (row,col) ( 24 , 37 ) height= 8
visible tree (row,col) ( 24 , 45 ) height= 9
visible tree (row,col) ( 24 , 46 ) height= 8
visible tree (row,col) ( 24 , 66 ) height= 9
visible tree (row,col) ( 24 , 88 ) height= 6
visible tree (row,col) ( 24 , 97 ) height= 6
visible tree (row,col) ( 25 , 18 ) height= 8
visible tree (row,col) ( 25 , 24 ) height= 8
visible tree (row,col) ( 25 , 39 ) height= 9
visible tree (row,col) ( 25 , 46 ) height= 9
visible tree (row,col) ( 25 , 78 ) height= 8
visible tree (row,col) ( 26 , 2 ) height= 4
visible tree (row,col) ( 26 , 3 ) height= 3
visible tree (row,col) ( 26 , 5 ) height= 3
visible tree (row,col) ( 26 , 7 ) height= 6
visible tree (row,col) ( 26 , 13 ) height= 7
visible tree (row,col) ( 26 , 19 ) height= 8
visible tree (row,col) ( 26 , 31 ) height= 9
visible tree (row,col) ( 26 , 64 ) height= 9
visible tree (row,col) ( 26 , 94 ) height= 7
visible tree (row,col) ( 26 , 98 ) height= 3
visible tree (row,col) ( 27 , 4 ) height= 4
visible tree (row,col) ( 27 , 27 ) height= 8
visible tree (row,col) ( 27 , 35 ) height= 9
visible tree (row,col) ( 27 , 61 ) height= 9
visible tree (row,col) ( 27 , 62 ) height= 9
visible tree (row,col) ( 27 , 81 ) height= 8
visible tree (row,col) ( 27 , 84 ) height= 7
visible tree (row,col) ( 27 , 86 ) height= 8
visible tree (row,col) ( 28 , 2 ) height= 2
visible tree (row,col) ( 28 , 5 ) height= 6
visible tree (row,col) ( 28 , 6 ) height= 6
visible tree (row,col) ( 28 , 7 ) height= 7
visible tree (row,col) ( 28 , 10 ) height= 7
visible tree (row,col) ( 28 , 17 ) height= 8
visible tree (row,col) ( 28 , 20 ) height= 8
visible tree (row,col) ( 28 , 37 ) height= 9
visible tree (row,col) ( 28 , 39 ) height= 9
visible tree (row,col) ( 28 , 41 ) height= 9
visible tree (row,col) ( 28 , 61 ) height= 9
visible tree (row,col) ( 28 , 65 ) height= 9
visible tree (row,col) ( 28 , 77 ) height= 9
visible tree (row,col) ( 28 , 85 ) height= 7
visible tree (row,col) ( 29 , 2 ) height= 6
visible tree (row,col) ( 29 , 5 ) height= 6
visible tree (row,col) ( 29 , 17 ) height= 8
visible tree (row,col) ( 29 , 24 ) height= 9
visible tree (row,col) ( 29 , 25 ) height= 9
visible tree (row,col) ( 29 , 68 ) height= 9
visible tree (row,col) ( 29 , 75 ) height= 9
visible tree (row,col) ( 29 , 85 ) height= 8
visible tree (row,col) ( 29 , 89 ) height= 7
visible tree (row,col) ( 29 , 98 ) height= 6
visible tree (row,col) ( 30 , 2 ) height= 4
visible tree (row,col) ( 30 , 8 ) height= 7
visible tree (row,col) ( 30 , 18 ) height= 8
visible tree (row,col) ( 30 , 22 ) height= 9
visible tree (row,col) ( 30 , 32 ) height= 9
visible tree (row,col) ( 30 , 37 ) height= 9
visible tree (row,col) ( 30 , 65 ) height= 9
visible tree (row,col) ( 30 , 78 ) height= 9
visible tree (row,col) ( 30 , 88 ) height= 8
visible tree (row,col) ( 30 , 92 ) height= 6
visible tree (row,col) ( 30 , 95 ) height= 6
visible tree (row,col) ( 30 , 97 ) height= 6
visible tree (row,col) ( 31 , 2 ) height= 6
visible tree (row,col) ( 31 , 5 ) height= 7
visible tree (row,col) ( 31 , 24 ) height= 9
visible tree (row,col) ( 31 , 26 ) height= 9
visible tree (row,col) ( 31 , 33 ) height= 9
visible tree (row,col) ( 31 , 46 ) height= 9
visible tree (row,col) ( 31 , 72 ) height= 9
visible tree (row,col) ( 31 , 88 ) height= 8
visible tree (row,col) ( 31 , 95 ) height= 6
visible tree (row,col) ( 31 , 98 ) height= 4
visible tree (row,col) ( 32 , 2 ) height= 6
visible tree (row,col) ( 32 , 8 ) height= 7
visible tree (row,col) ( 32 , 15 ) height= 8
visible tree (row,col) ( 32 , 22 ) height= 9
visible tree (row,col) ( 32 , 30 ) height= 9
visible tree (row,col) ( 32 , 44 ) height= 9
visible tree (row,col) ( 32 , 68 ) height= 8
visible tree (row,col) ( 32 , 80 ) height= 9
visible tree (row,col) ( 32 , 85 ) height= 8
visible tree (row,col) ( 32 , 98 ) height= 4
visible tree (row,col) ( 33 , 3 ) height= 5
visible tree (row,col) ( 33 , 11 ) height= 7
visible tree (row,col) ( 33 , 16 ) height= 7
visible tree (row,col) ( 33 , 17 ) height= 7
visible tree (row,col) ( 33 , 18 ) height= 8
visible tree (row,col) ( 33 , 61 ) height= 9
visible tree (row,col) ( 33 , 64 ) height= 9
visible tree (row,col) ( 33 , 82 ) height= 8
visible tree (row,col) ( 33 , 88 ) height= 8
visible tree (row,col) ( 33 , 96 ) height= 6
visible tree (row,col) ( 33 , 97 ) height= 7
visible tree (row,col) ( 33 , 98 ) height= 6
visible tree (row,col) ( 34 , 2 ) height= 3
visible tree (row,col) ( 34 , 3 ) height= 6
visible tree (row,col) ( 34 , 8 ) height= 7
visible tree (row,col) ( 34 , 16 ) height= 7
visible tree (row,col) ( 34 , 17 ) height= 8
visible tree (row,col) ( 34 , 21 ) height= 9
visible tree (row,col) ( 34 , 40 ) height= 9
visible tree (row,col) ( 34 , 43 ) height= 9
visible tree (row,col) ( 34 , 63 ) height= 9
visible tree (row,col) ( 34 , 71 ) height= 9
visible tree (row,col) ( 34 , 77 ) height= 8
visible tree (row,col) ( 34 , 79 ) height= 8
visible tree (row,col) ( 34 , 81 ) height= 8
visible tree (row,col) ( 34 , 82 ) height= 9
visible tree (row,col) ( 34 , 91 ) height= 7
visible tree (row,col) ( 34 , 98 ) height= 7
visible tree (row,col) ( 35 , 6 ) height= 7
visible tree (row,col) ( 35 , 14 ) height= 8
visible tree (row,col) ( 35 , 20 ) height= 8
visible tree (row,col) ( 35 , 79 ) height= 8
visible tree (row,col) ( 35 , 95 ) height= 7
visible tree (row,col) ( 36 , 2 ) height= 2
visible tree (row,col) ( 36 , 4 ) height= 5
visible tree (row,col) ( 36 , 7 ) height= 7
visible tree (row,col) ( 36 , 27 ) height= 9
visible tree (row,col) ( 36 , 30 ) height= 9
visible tree (row,col) ( 37 , 2 ) height= 5
visible tree (row,col) ( 37 , 4 ) height= 5
visible tree (row,col) ( 37 , 5 ) height= 6
visible tree (row,col) ( 37 , 89 ) height= 8
visible tree (row,col) ( 37 , 90 ) height= 6
visible tree (row,col) ( 37 , 91 ) height= 6
visible tree (row,col) ( 37 , 92 ) height= 7
visible tree (row,col) ( 37 , 93 ) height= 6
visible tree (row,col) ( 37 , 97 ) height= 2
visible tree (row,col) ( 37 , 98 ) height= 2
visible tree (row,col) ( 38 , 3 ) height= 6
visible tree (row,col) ( 38 , 17 ) height= 8
visible tree (row,col) ( 38 , 31 ) height= 9
visible tree (row,col) ( 38 , 88 ) height= 8
visible tree (row,col) ( 38 , 95 ) height= 7
visible tree (row,col) ( 39 , 5 ) height= 7
visible tree (row,col) ( 39 , 8 ) height= 7
visible tree (row,col) ( 39 , 91 ) height= 6
visible tree (row,col) ( 39 , 92 ) height= 5
visible tree (row,col) ( 39 , 98 ) height= 3
visible tree (row,col) ( 40 , 3 ) height= 6
visible tree (row,col) ( 40 , 91 ) height= 8
visible tree (row,col) ( 40 , 92 ) height= 8
visible tree (row,col) ( 41 , 2 ) height= 2
visible tree (row,col) ( 41 , 8 ) height= 7
visible tree (row,col) ( 41 , 91 ) height= 8
visible tree (row,col) ( 41 , 95 ) height= 7
visible tree (row,col) ( 41 , 97 ) height= 3
visible tree (row,col) ( 41 , 98 ) height= 4
visible tree (row,col) ( 42 , 7 ) height= 7
visible tree (row,col) ( 42 , 19 ) height= 9
visible tree (row,col) ( 42 , 23 ) height= 9
visible tree (row,col) ( 42 , 69 ) height= 9
visible tree (row,col) ( 42 , 81 ) height= 8
visible tree (row,col) ( 42 , 82 ) height= 8
visible tree (row,col) ( 42 , 83 ) height= 8
visible tree (row,col) ( 42 , 87 ) height= 8
visible tree (row,col) ( 42 , 94 ) height= 7
visible tree (row,col) ( 43 , 14 ) height= 8
visible tree (row,col) ( 43 , 16 ) height= 8
visible tree (row,col) ( 43 , 18 ) height= 9
visible tree (row,col) ( 43 , 19 ) height= 9
visible tree (row,col) ( 43 , 21 ) height= 9
visible tree (row,col) ( 43 , 25 ) height= 9
visible tree (row,col) ( 43 , 81 ) height= 8
visible tree (row,col) ( 43 , 92 ) height= 6
visible tree (row,col) ( 43 , 95 ) height= 6
visible tree (row,col) ( 43 , 96 ) height= 7
visible tree (row,col) ( 43 , 97 ) height= 7
visible tree (row,col) ( 43 , 98 ) height= 6
visible tree (row,col) ( 44 , 3 ) height= 5
visible tree (row,col) ( 44 , 4 ) height= 6
visible tree (row,col) ( 44 , 6 ) height= 5
visible tree (row,col) ( 44 , 7 ) height= 7
visible tree (row,col) ( 44 , 8 ) height= 7
visible tree (row,col) ( 44 , 9 ) height= 7
visible tree (row,col) ( 44 , 12 ) height= 8
visible tree (row,col) ( 44 , 13 ) height= 6
visible tree (row,col) ( 44 , 77 ) height= 9
visible tree (row,col) ( 44 , 80 ) height= 9
visible tree (row,col) ( 44 , 84 ) height= 9
visible tree (row,col) ( 44 , 85 ) height= 8
visible tree (row,col) ( 44 , 93 ) height= 7
visible tree (row,col) ( 44 , 94 ) height= 7
visible tree (row,col) ( 44 , 95 ) height= 6
visible tree (row,col) ( 44 , 98 ) height= 6
visible tree (row,col) ( 45 , 3 ) height= 7
visible tree (row,col) ( 45 , 9 ) height= 8
visible tree (row,col) ( 45 , 14 ) height= 8
visible tree (row,col) ( 45 , 91 ) height= 8
visible tree (row,col) ( 45 , 93 ) height= 7
visible tree (row,col) ( 46 , 6 ) height= 7
visible tree (row,col) ( 46 , 7 ) height= 7
visible tree (row,col) ( 46 , 16 ) height= 7
visible tree (row,col) ( 46 , 79 ) height= 9
visible tree (row,col) ( 46 , 84 ) height= 9
visible tree (row,col) ( 47 , 12 ) height= 8
visible tree (row,col) ( 47 , 16 ) height= 8
visible tree (row,col) ( 47 , 20 ) height= 9
visible tree (row,col) ( 47 , 30 ) height= 9
visible tree (row,col) ( 47 , 36 ) height= 9
visible tree (row,col) ( 47 , 41 ) height= 9
visible tree (row,col) ( 47 , 82 ) height= 9
visible tree (row,col) ( 47 , 92 ) height= 8
visible tree (row,col) ( 47 , 97 ) height= 7
visible tree (row,col) ( 48 , 5 ) height= 7
visible tree (row,col) ( 48 , 7 ) height= 5
visible tree (row,col) ( 48 , 8 ) height= 6
visible tree (row,col) ( 48 , 73 ) height= 9
visible tree (row,col) ( 48 , 78 ) height= 9
visible tree (row,col) ( 48 , 91 ) height= 7
visible tree (row,col) ( 48 , 92 ) height= 8
visible tree (row,col) ( 48 , 93 ) height= 6
visible tree (row,col) ( 48 , 94 ) height= 6
visible tree (row,col) ( 48 , 96 ) height= 7
visible tree (row,col) ( 49 , 13 ) height= 8
visible tree (row,col) ( 49 , 18 ) height= 8
visible tree (row,col) ( 49 , 19 ) height= 9
visible tree (row,col) ( 49 , 89 ) height= 5
visible tree (row,col) ( 49 , 90 ) height= 7
visible tree (row,col) ( 49 , 98 ) height= 5
visible tree (row,col) ( 50 , 5 ) height= 6
visible tree (row,col) ( 50 , 6 ) height= 7
visible tree (row,col) ( 50 , 8 ) height= 6
visible tree (row,col) ( 50 , 9 ) height= 7
visible tree (row,col) ( 50 , 11 ) height= 7
visible tree (row,col) ( 50 , 16 ) height= 9
visible tree (row,col) ( 50 , 81 ) height= 9
visible tree (row,col) ( 50 , 84 ) height= 9
visible tree (row,col) ( 50 , 88 ) height= 8
visible tree (row,col) ( 50 , 93 ) height= 7
visible tree (row,col) ( 50 , 95 ) height= 6
visible tree (row,col) ( 50 , 96 ) height= 3
visible tree (row,col) ( 50 , 97 ) height= 6
visible tree (row,col) ( 50 , 98 ) height= 3
visible tree (row,col) ( 51 , 8 ) height= 8
visible tree (row,col) ( 51 , 86 ) height= 9
visible tree (row,col) ( 51 , 89 ) height= 6
visible tree (row,col) ( 51 , 98 ) height= 5
visible tree (row,col) ( 52 , 3 ) height= 7
visible tree (row,col) ( 52 , 41 ) height= 9
visible tree (row,col) ( 52 , 47 ) height= 9
visible tree (row,col) ( 52 , 86 ) height= 9
visible tree (row,col) ( 52 , 93 ) height= 8
visible tree (row,col) ( 52 , 95 ) height= 7
visible tree (row,col) ( 52 , 98 ) height= 5
visible tree (row,col) ( 53 , 3 ) height= 7
visible tree (row,col) ( 53 , 14 ) height= 8
visible tree (row,col) ( 53 , 89 ) height= 8
visible tree (row,col) ( 53 , 94 ) height= 7
visible tree (row,col) ( 53 , 95 ) height= 6
visible tree (row,col) ( 53 , 97 ) height= 5
visible tree (row,col) ( 53 , 98 ) height= 7
visible tree (row,col) ( 54 , 2 ) height= 7
visible tree (row,col) ( 54 , 73 ) height= 9
visible tree (row,col) ( 55 , 2 ) height= 6
visible tree (row,col) ( 55 , 3 ) height= 7
visible tree (row,col) ( 55 , 4 ) height= 6
visible tree (row,col) ( 55 , 6 ) height= 7
visible tree (row,col) ( 55 , 8 ) height= 8
visible tree (row,col) ( 55 , 14 ) height= 8
visible tree (row,col) ( 55 , 16 ) height= 8
visible tree (row,col) ( 55 , 17 ) height= 8
visible tree (row,col) ( 55 , 19 ) height= 9
visible tree (row,col) ( 55 , 22 ) height= 8
visible tree (row,col) ( 55 , 24 ) height= 8
visible tree (row,col) ( 55 , 39 ) height= 9
visible tree (row,col) ( 55 , 94 ) height= 6
visible tree (row,col) ( 55 , 97 ) height= 3
visible tree (row,col) ( 55 , 98 ) height= 3
visible tree (row,col) ( 56 , 4 ) height= 7
visible tree (row,col) ( 56 , 17 ) height= 9
visible tree (row,col) ( 56 , 64 ) height= 9
visible tree (row,col) ( 56 , 67 ) height= 9
visible tree (row,col) ( 56 , 69 ) height= 9
visible tree (row,col) ( 56 , 71 ) height= 9
visible tree (row,col) ( 56 , 77 ) height= 9
visible tree (row,col) ( 56 , 79 ) height= 9
visible tree (row,col) ( 56 , 82 ) height= 9
visible tree (row,col) ( 56 , 91 ) height= 8
visible tree (row,col) ( 57 , 14 ) height= 8
visible tree (row,col) ( 57 , 62 ) height= 9
visible tree (row,col) ( 57 , 69 ) height= 9
visible tree (row,col) ( 57 , 74 ) height= 9
visible tree (row,col) ( 57 , 76 ) height= 9
visible tree (row,col) ( 57 , 77 ) height= 8
visible tree (row,col) ( 57 , 79 ) height= 9
visible tree (row,col) ( 57 , 81 ) height= 9
visible tree (row,col) ( 57 , 90 ) height= 7
visible tree (row,col) ( 57 , 98 ) height= 5
visible tree (row,col) ( 58 , 2 ) height= 4
visible tree (row,col) ( 58 , 4 ) height= 6
visible tree (row,col) ( 58 , 5 ) height= 7
visible tree (row,col) ( 58 , 7 ) height= 5
visible tree (row,col) ( 58 , 10 ) height= 5
visible tree (row,col) ( 58 , 24 ) height= 9
visible tree (row,col) ( 58 , 28 ) height= 8
visible tree (row,col) ( 58 , 29 ) height= 8
visible tree (row,col) ( 58 , 78 ) height= 9
visible tree (row,col) ( 58 , 82 ) height= 9
visible tree (row,col) ( 58 , 90 ) height= 8
visible tree (row,col) ( 58 , 95 ) height= 6
visible tree (row,col) ( 58 , 96 ) height= 4
visible tree (row,col) ( 58 , 98 ) height= 7
visible tree (row,col) ( 59 , 2 ) height= 7
visible tree (row,col) ( 59 , 4 ) height= 7
visible tree (row,col) ( 59 , 78 ) height= 9
visible tree (row,col) ( 59 , 86 ) height= 8
visible tree (row,col) ( 59 , 91 ) height= 8
visible tree (row,col) ( 60 , 2 ) height= 6
visible tree (row,col) ( 60 , 3 ) height= 6
visible tree (row,col) ( 60 , 4 ) height= 4
visible tree (row,col) ( 60 , 9 ) height= 7
visible tree (row,col) ( 60 , 17 ) height= 9
visible tree (row,col) ( 60 , 84 ) height= 9
visible tree (row,col) ( 61 , 2 ) height= 7
visible tree (row,col) ( 61 , 10 ) height= 8
visible tree (row,col) ( 61 , 17 ) height= 9
visible tree (row,col) ( 61 , 18 ) height= 9
visible tree (row,col) ( 61 , 27 ) height= 8
visible tree (row,col) ( 62 , 4 ) height= 7
visible tree (row,col) ( 62 , 10 ) height= 8
visible tree (row,col) ( 62 , 17 ) height= 9
visible tree (row,col) ( 62 , 76 ) height= 9
visible tree (row,col) ( 62 , 89 ) height= 8
visible tree (row,col) ( 62 , 97 ) height= 7
visible tree (row,col) ( 63 , 2 ) height= 3
visible tree (row,col) ( 63 , 4 ) height= 3
visible tree (row,col) ( 63 , 5 ) height= 5
visible tree (row,col) ( 63 , 11 ) height= 8
visible tree (row,col) ( 63 , 20 ) height= 9
visible tree (row,col) ( 63 , 77 ) height= 9
visible tree (row,col) ( 63 , 84 ) height= 8
visible tree (row,col) ( 63 , 91 ) height= 7
visible tree (row,col) ( 63 , 95 ) height= 5
visible tree (row,col) ( 64 , 2 ) height= 4
visible tree (row,col) ( 64 , 26 ) height= 9
visible tree (row,col) ( 64 , 55 ) height= 9
visible tree (row,col) ( 64 , 78 ) height= 9
visible tree (row,col) ( 64 , 79 ) height= 9
visible tree (row,col) ( 64 , 81 ) height= 9
visible tree (row,col) ( 64 , 97 ) height= 4
visible tree (row,col) ( 64 , 98 ) height= 3
visible tree (row,col) ( 65 , 6 ) height= 7
visible tree (row,col) ( 65 , 81 ) height= 9
visible tree (row,col) ( 65 , 83 ) height= 8
visible tree (row,col) ( 65 , 86 ) height= 8
visible tree (row,col) ( 66 , 3 ) height= 7
visible tree (row,col) ( 66 , 5 ) height= 6
visible tree (row,col) ( 66 , 13 ) height= 8
visible tree (row,col) ( 66 , 14 ) height= 8
visible tree (row,col) ( 66 , 26 ) height= 9
visible tree (row,col) ( 66 , 78 ) height= 9
visible tree (row,col) ( 66 , 86 ) height= 7
visible tree (row,col) ( 66 , 89 ) height= 8
visible tree (row,col) ( 66 , 94 ) height= 7
visible tree (row,col) ( 66 , 98 ) height= 2
visible tree (row,col) ( 67 , 2 ) height= 1
visible tree (row,col) ( 67 , 36 ) height= 8
visible tree (row,col) ( 67 , 37 ) height= 9
visible tree (row,col) ( 67 , 76 ) height= 8
visible tree (row,col) ( 67 , 77 ) height= 9
visible tree (row,col) ( 67 , 94 ) height= 7
visible tree (row,col) ( 67 , 97 ) height= 5
visible tree (row,col) ( 67 , 98 ) height= 7
visible tree (row,col) ( 68 , 9 ) height= 7
visible tree (row,col) ( 68 , 11 ) height= 7
visible tree (row,col) ( 68 , 17 ) height= 8
visible tree (row,col) ( 68 , 20 ) height= 8
visible tree (row,col) ( 68 , 71 ) height= 9
visible tree (row,col) ( 68 , 80 ) height= 9
visible tree (row,col) ( 68 , 98 ) height= 5
visible tree (row,col) ( 69 , 4 ) height= 6
visible tree (row,col) ( 69 , 6 ) height= 7
visible tree (row,col) ( 69 , 42 ) height= 9
visible tree (row,col) ( 69 , 55 ) height= 9
visible tree (row,col) ( 69 , 78 ) height= 9
visible tree (row,col) ( 69 , 80 ) height= 9
visible tree (row,col) ( 69 , 81 ) height= 8
visible tree (row,col) ( 69 , 86 ) height= 8
visible tree (row,col) ( 69 , 93 ) height= 7
visible tree (row,col) ( 69 , 94 ) height= 6
visible tree (row,col) ( 69 , 96 ) height= 7
visible tree (row,col) ( 69 , 98 ) height= 7
visible tree (row,col) ( 70 , 2 ) height= 1
visible tree (row,col) ( 70 , 22 ) height= 9
visible tree (row,col) ( 70 , 24 ) height= 9
visible tree (row,col) ( 70 , 30 ) height= 9
visible tree (row,col) ( 70 , 76 ) height= 8
visible tree (row,col) ( 70 , 81 ) height= 9
visible tree (row,col) ( 70 , 86 ) height= 8
visible tree (row,col) ( 70 , 91 ) height= 7
visible tree (row,col) ( 70 , 97 ) height= 7
visible tree (row,col) ( 71 , 35 ) height= 9
visible tree (row,col) ( 71 , 36 ) height= 9
visible tree (row,col) ( 71 , 53 ) height= 9
visible tree (row,col) ( 71 , 85 ) height= 8
visible tree (row,col) ( 71 , 97 ) height= 7
visible tree (row,col) ( 72 , 3 ) height= 3
visible tree (row,col) ( 72 , 23 ) height= 9
visible tree (row,col) ( 72 , 62 ) height= 9
visible tree (row,col) ( 72 , 63 ) height= 9
visible tree (row,col) ( 72 , 64 ) height= 9
visible tree (row,col) ( 72 , 71 ) height= 8
visible tree (row,col) ( 72 , 79 ) height= 9
visible tree (row,col) ( 72 , 84 ) height= 8
visible tree (row,col) ( 72 , 88 ) height= 8
visible tree (row,col) ( 72 , 94 ) height= 4
visible tree (row,col) ( 72 , 95 ) height= 7
visible tree (row,col) ( 73 , 2 ) height= 4
visible tree (row,col) ( 73 , 16 ) height= 8
visible tree (row,col) ( 73 , 21 ) height= 8
visible tree (row,col) ( 73 , 24 ) height= 8
visible tree (row,col) ( 73 , 93 ) height= 7
visible tree (row,col) ( 73 , 97 ) height= 5
visible tree (row,col) ( 73 , 98 ) height= 1
visible tree (row,col) ( 74 , 2 ) height= 6
visible tree (row,col) ( 74 , 7 ) height= 5
visible tree (row,col) ( 74 , 9 ) height= 7
visible tree (row,col) ( 74 , 12 ) height= 7
visible tree (row,col) ( 74 , 14 ) height= 7
visible tree (row,col) ( 74 , 17 ) height= 8
visible tree (row,col) ( 74 , 24 ) height= 9
visible tree (row,col) ( 74 , 74 ) height= 9
visible tree (row,col) ( 74 , 77 ) height= 9
visible tree (row,col) ( 74 , 85 ) height= 7
visible tree (row,col) ( 74 , 86 ) height= 8
visible tree (row,col) ( 74 , 94 ) height= 7
visible tree (row,col) ( 75 , 2 ) height= 5
visible tree (row,col) ( 75 , 3 ) height= 5
visible tree (row,col) ( 75 , 5 ) height= 4
visible tree (row,col) ( 75 , 8 ) height= 6
visible tree (row,col) ( 75 , 9 ) height= 7
visible tree (row,col) ( 75 , 16 ) height= 7
visible tree (row,col) ( 75 , 20 ) height= 8
visible tree (row,col) ( 75 , 21 ) height= 8
visible tree (row,col) ( 75 , 25 ) height= 9
visible tree (row,col) ( 75 , 36 ) height= 9
visible tree (row,col) ( 75 , 39 ) height= 9
visible tree (row,col) ( 75 , 42 ) height= 9
visible tree (row,col) ( 75 , 49 ) height= 9
visible tree (row,col) ( 75 , 71 ) height= 9
visible tree (row,col) ( 75 , 73 ) height= 9
visible tree (row,col) ( 75 , 86 ) height= 8
visible tree (row,col) ( 75 , 93 ) height= 7
visible tree (row,col) ( 75 , 98 ) height= 6
visible tree (row,col) ( 76 , 3 ) height= 6
visible tree (row,col) ( 76 , 9 ) height= 7
visible tree (row,col) ( 76 , 17 ) height= 7
visible tree (row,col) ( 76 , 18 ) height= 8
visible tree (row,col) ( 76 , 26 ) height= 9
visible tree (row,col) ( 76 , 30 ) height= 9
visible tree (row,col) ( 76 , 38 ) height= 9
visible tree (row,col) ( 76 , 40 ) height= 8
visible tree (row,col) ( 76 , 55 ) height= 9
visible tree (row,col) ( 76 , 63 ) height= 9
visible tree (row,col) ( 76 , 85 ) height= 7
visible tree (row,col) ( 76 , 90 ) height= 7
visible tree (row,col) ( 76 , 91 ) height= 7
visible tree (row,col) ( 76 , 93 ) height= 6
visible tree (row,col) ( 76 , 96 ) height= 3
visible tree (row,col) ( 76 , 97 ) height= 3
visible tree (row,col) ( 77 , 2 ) height= 6
visible tree (row,col) ( 77 , 14 ) height= 7
visible tree (row,col) ( 77 , 23 ) height= 8
visible tree (row,col) ( 77 , 26 ) height= 8
visible tree (row,col) ( 77 , 39 ) height= 9
visible tree (row,col) ( 77 , 42 ) height= 9
visible tree (row,col) ( 77 , 74 ) height= 8
visible tree (row,col) ( 77 , 94 ) height= 6
visible tree (row,col) ( 78 , 2 ) height= 5
visible tree (row,col) ( 78 , 21 ) height= 8
visible tree (row,col) ( 78 , 30 ) height= 9
visible tree (row,col) ( 78 , 36 ) height= 9
visible tree (row,col) ( 78 , 53 ) height= 9
visible tree (row,col) ( 78 , 54 ) height= 9
visible tree (row,col) ( 78 , 81 ) height= 8
visible tree (row,col) ( 78 , 85 ) height= 6
visible tree (row,col) ( 78 , 94 ) height= 6
visible tree (row,col) ( 78 , 97 ) height= 4
visible tree (row,col) ( 79 , 2 ) height= 6
visible tree (row,col) ( 79 , 14 ) height= 7
visible tree (row,col) ( 79 , 15 ) height= 7
visible tree (row,col) ( 79 , 39 ) height= 9
visible tree (row,col) ( 79 , 67 ) height= 9
visible tree (row,col) ( 79 , 73 ) height= 9
visible tree (row,col) ( 79 , 76 ) height= 7
visible tree (row,col) ( 79 , 77 ) height= 7
visible tree (row,col) ( 79 , 84 ) height= 7
visible tree (row,col) ( 79 , 91 ) height= 7
visible tree (row,col) ( 80 , 5 ) height= 5
visible tree (row,col) ( 80 , 30 ) height= 8
visible tree (row,col) ( 80 , 37 ) height= 9
visible tree (row,col) ( 80 , 40 ) height= 9
visible tree (row,col) ( 80 , 49 ) height= 9
visible tree (row,col) ( 80 , 63 ) height= 9
visible tree (row,col) ( 80 , 69 ) height= 9
visible tree (row,col) ( 80 , 85 ) height= 7
visible tree (row,col) ( 80 , 97 ) height= 3
visible tree (row,col) ( 80 , 98 ) height= 4
visible tree (row,col) ( 81 , 2 ) height= 3
visible tree (row,col) ( 81 , 4 ) height= 3
visible tree (row,col) ( 81 , 7 ) height= 5
visible tree (row,col) ( 81 , 8 ) height= 5
visible tree (row,col) ( 81 , 9 ) height= 6
visible tree (row,col) ( 81 , 10 ) height= 6
visible tree (row,col) ( 81 , 11 ) height= 6
visible tree (row,col) ( 81 , 42 ) height= 9
visible tree (row,col) ( 81 , 88 ) height= 7
visible tree (row,col) ( 81 , 90 ) height= 7
visible tree (row,col) ( 81 , 97 ) height= 6
visible tree (row,col) ( 82 , 2 ) height= 5
visible tree (row,col) ( 82 , 5 ) height= 6
visible tree (row,col) ( 82 , 7 ) height= 6
visible tree (row,col) ( 82 , 12 ) height= 7
visible tree (row,col) ( 82 , 17 ) height= 7
visible tree (row,col) ( 82 , 21 ) height= 8
visible tree (row,col) ( 82 , 23 ) height= 8
visible tree (row,col) ( 82 , 38 ) height= 9
visible tree (row,col) ( 82 , 54 ) height= 8
visible tree (row,col) ( 82 , 59 ) height= 9
visible tree (row,col) ( 82 , 69 ) height= 9
visible tree (row,col) ( 82 , 75 ) height= 8
visible tree (row,col) ( 82 , 78 ) height= 7
visible tree (row,col) ( 82 , 88 ) height= 6
visible tree (row,col) ( 82 , 97 ) height= 6
visible tree (row,col) ( 83 , 2 ) height= 2
visible tree (row,col) ( 83 , 3 ) height= 5
visible tree (row,col) ( 83 , 4 ) height= 6
visible tree (row,col) ( 83 , 5 ) height= 3
visible tree (row,col) ( 83 , 16 ) height= 7
visible tree (row,col) ( 83 , 24 ) height= 8
visible tree (row,col) ( 83 , 28 ) height= 8
visible tree (row,col) ( 83 , 36 ) height= 7
visible tree (row,col) ( 83 , 40 ) height= 9
visible tree (row,col) ( 83 , 41 ) height= 9
visible tree (row,col) ( 83 , 43 ) height= 9
visible tree (row,col) ( 83 , 50 ) height= 9
visible tree (row,col) ( 83 , 65 ) height= 9
visible tree (row,col) ( 83 , 71 ) height= 8
visible tree (row,col) ( 83 , 74 ) height= 8
visible tree (row,col) ( 83 , 77 ) height= 7
visible tree (row,col) ( 83 , 85 ) height= 7
visible tree (row,col) ( 84 , 5 ) height= 6
visible tree (row,col) ( 84 , 15 ) height= 7
visible tree (row,col) ( 84 , 16 ) height= 7
visible tree (row,col) ( 84 , 17 ) height= 7
visible tree (row,col) ( 84 , 20 ) height= 6
visible tree (row,col) ( 84 , 22 ) height= 7
visible tree (row,col) ( 84 , 27 ) height= 8
visible tree (row,col) ( 84 , 38 ) height= 9
visible tree (row,col) ( 84 , 43 ) height= 9
visible tree (row,col) ( 84 , 44 ) height= 8
visible tree (row,col) ( 84 , 45 ) height= 9
visible tree (row,col) ( 84 , 46 ) height= 8
visible tree (row,col) ( 84 , 49 ) height= 9
visible tree (row,col) ( 84 , 50 ) height= 9
visible tree (row,col) ( 84 , 76 ) height= 8
visible tree (row,col) ( 84 , 84 ) height= 7
visible tree (row,col) ( 84 , 92 ) height= 5
visible tree (row,col) ( 84 , 94 ) height= 6
visible tree (row,col) ( 84 , 95 ) height= 5
visible tree (row,col) ( 84 , 96 ) height= 6
visible tree (row,col) ( 84 , 98 ) height= 2
visible tree (row,col) ( 85 , 4 ) height= 5
visible tree (row,col) ( 85 , 5 ) height= 6
visible tree (row,col) ( 85 , 6 ) height= 5
visible tree (row,col) ( 85 , 39 ) height= 7
visible tree (row,col) ( 85 , 43 ) height= 9
visible tree (row,col) ( 85 , 51 ) height= 9
visible tree (row,col) ( 85 , 59 ) height= 9
visible tree (row,col) ( 85 , 60 ) height= 9
visible tree (row,col) ( 85 , 61 ) height= 9
visible tree (row,col) ( 85 , 64 ) height= 8
visible tree (row,col) ( 85 , 74 ) height= 8
visible tree (row,col) ( 85 , 85 ) height= 6
visible tree (row,col) ( 85 , 96 ) height= 5
visible tree (row,col) ( 85 , 98 ) height= 1
visible tree (row,col) ( 86 , 2 ) height= 5
visible tree (row,col) ( 86 , 5 ) height= 5
visible tree (row,col) ( 86 , 6 ) height= 5
visible tree (row,col) ( 86 , 12 ) height= 6
visible tree (row,col) ( 86 , 19 ) height= 7
visible tree (row,col) ( 86 , 24 ) height= 7
visible tree (row,col) ( 86 , 35 ) height= 8
visible tree (row,col) ( 86 , 39 ) height= 7
visible tree (row,col) ( 86 , 45 ) height= 9
visible tree (row,col) ( 86 , 49 ) height= 9
visible tree (row,col) ( 86 , 51 ) height= 8
visible tree (row,col) ( 86 , 52 ) height= 9
visible tree (row,col) ( 86 , 53 ) height= 9
visible tree (row,col) ( 86 , 54 ) height= 8
visible tree (row,col) ( 86 , 55 ) height= 9
visible tree (row,col) ( 86 , 64 ) height= 8
visible tree (row,col) ( 86 , 86 ) height= 7
visible tree (row,col) ( 87 , 2 ) height= 3
visible tree (row,col) ( 87 , 3 ) height= 2
visible tree (row,col) ( 87 , 7 ) height= 6
visible tree (row,col) ( 87 , 11 ) height= 6
visible tree (row,col) ( 87 , 20 ) height= 7
visible tree (row,col) ( 87 , 24 ) height= 7
visible tree (row,col) ( 87 , 36 ) height= 7
visible tree (row,col) ( 87 , 39 ) height= 7
visible tree (row,col) ( 87 , 40 ) height= 8
visible tree (row,col) ( 87 , 46 ) height= 8
visible tree (row,col) ( 87 , 49 ) height= 8
visible tree (row,col) ( 87 , 53 ) height= 9
visible tree (row,col) ( 87 , 67 ) height= 8
visible tree (row,col) ( 87 , 73 ) height= 8
visible tree (row,col) ( 87 , 75 ) height= 8
visible tree (row,col) ( 87 , 91 ) height= 6
visible tree (row,col) ( 87 , 96 ) height= 5
visible tree (row,col) ( 88 , 3 ) height= 5
visible tree (row,col) ( 88 , 21 ) height= 7
visible tree (row,col) ( 88 , 38 ) height= 8
visible tree (row,col) ( 88 , 46 ) height= 6
visible tree (row,col) ( 88 , 67 ) height= 8
visible tree (row,col) ( 88 , 91 ) height= 5
visible tree (row,col) ( 88 , 94 ) height= 5
visible tree (row,col) ( 88 , 95 ) height= 5
visible tree (row,col) ( 88 , 98 ) height= 4
visible tree (row,col) ( 89 , 2 ) height= 5
visible tree (row,col) ( 89 , 4 ) height= 5
visible tree (row,col) ( 89 , 18 ) height= 6
visible tree (row,col) ( 89 , 22 ) height= 7
visible tree (row,col) ( 89 , 23 ) height= 7
visible tree (row,col) ( 89 , 39 ) height= 8
visible tree (row,col) ( 89 , 49 ) height= 8
visible tree (row,col) ( 89 , 51 ) height= 7
visible tree (row,col) ( 89 , 62 ) height= 8
visible tree (row,col) ( 89 , 74 ) height= 7
visible tree (row,col) ( 89 , 83 ) height= 7
visible tree (row,col) ( 89 , 91 ) height= 6
visible tree (row,col) ( 89 , 92 ) height= 6
visible tree (row,col) ( 89 , 94 ) height= 6
visible tree (row,col) ( 90 , 20 ) height= 7
visible tree (row,col) ( 90 , 31 ) height= 7
visible tree (row,col) ( 90 , 33 ) height= 7
visible tree (row,col) ( 90 , 35 ) height= 8
visible tree (row,col) ( 90 , 36 ) height= 8
visible tree (row,col) ( 90 , 45 ) height= 8
visible tree (row,col) ( 90 , 46 ) height= 5
visible tree (row,col) ( 90 , 52 ) height= 8
visible tree (row,col) ( 90 , 54 ) height= 8
visible tree (row,col) ( 90 , 57 ) height= 7
visible tree (row,col) ( 90 , 68 ) height= 8
visible tree (row,col) ( 90 , 85 ) height= 6
visible tree (row,col) ( 90 , 86 ) height= 6
visible tree (row,col) ( 90 , 91 ) height= 5
visible tree (row,col) ( 91 , 4 ) height= 3
visible tree (row,col) ( 91 , 10 ) height= 6
visible tree (row,col) ( 91 , 22 ) height= 7
visible tree (row,col) ( 91 , 25 ) height= 7
visible tree (row,col) ( 91 , 28 ) height= 7
visible tree (row,col) ( 91 , 30 ) height= 7
visible tree (row,col) ( 91 , 46 ) height= 5
visible tree (row,col) ( 91 , 55 ) height= 7
visible tree (row,col) ( 91 , 81 ) height= 7
visible tree (row,col) ( 91 , 87 ) height= 6
visible tree (row,col) ( 91 , 88 ) height= 6
visible tree (row,col) ( 92 , 39 ) height= 5
visible tree (row,col) ( 92 , 64 ) height= 6
visible tree (row,col) ( 92 , 80 ) height= 7
visible tree (row,col) ( 92 , 97 ) height= 5
visible tree (row,col) ( 92 , 98 ) height= 4
visible tree (row,col) ( 93 , 2 ) height= 5
visible tree (row,col) ( 93 , 3 ) height= 4
visible tree (row,col) ( 93 , 4 ) height= 5
visible tree (row,col) ( 93 , 8 ) height= 5
visible tree (row,col) ( 93 , 19 ) height= 6
visible tree (row,col) ( 93 , 20 ) height= 6
visible tree (row,col) ( 93 , 23 ) height= 7
visible tree (row,col) ( 93 , 25 ) height= 7
visible tree (row,col) ( 93 , 26 ) height= 7
visible tree (row,col) ( 93 , 39 ) height= 4
visible tree (row,col) ( 93 , 45 ) height= 8
visible tree (row,col) ( 93 , 56 ) height= 7
visible tree (row,col) ( 93 , 60 ) height= 8
visible tree (row,col) ( 93 , 61 ) height= 8
visible tree (row,col) ( 93 , 85 ) height= 6
visible tree (row,col) ( 93 , 98 ) height= 5
visible tree (row,col) ( 94 , 5 ) height= 4
visible tree (row,col) ( 94 , 6 ) height= 5
visible tree (row,col) ( 94 , 7 ) height= 5
visible tree (row,col) ( 94 , 8 ) height= 4
visible tree (row,col) ( 94 , 9 ) height= 5
visible tree (row,col) ( 94 , 10 ) height= 4
visible tree (row,col) ( 94 , 14 ) height= 5
visible tree (row,col) ( 94 , 32 ) height= 6
visible tree (row,col) ( 94 , 36 ) height= 6
visible tree (row,col) ( 94 , 47 ) height= 8
visible tree (row,col) ( 94 , 55 ) height= 8
visible tree (row,col) ( 94 , 57 ) height= 6
visible tree (row,col) ( 94 , 59 ) height= 3
visible tree (row,col) ( 94 , 73 ) height= 7
visible tree (row,col) ( 94 , 74 ) height= 7
visible tree (row,col) ( 94 , 78 ) height= 5
visible tree (row,col) ( 94 , 90 ) height= 5
visible tree (row,col) ( 94 , 91 ) height= 5
visible tree (row,col) ( 94 , 94 ) height= 5
visible tree (row,col) ( 94 , 98 ) height= 2
visible tree (row,col) ( 95 , 3 ) height= 4
visible tree (row,col) ( 95 , 4 ) height= 4
visible tree (row,col) ( 95 , 41 ) height= 5
visible tree (row,col) ( 95 , 56 ) height= 7
visible tree (row,col) ( 95 , 59 ) height= 6
visible tree (row,col) ( 95 , 63 ) height= 5
visible tree (row,col) ( 95 , 76 ) height= 5
visible tree (row,col) ( 95 , 79 ) height= 6
visible tree (row,col) ( 95 , 81 ) height= 6
visible tree (row,col) ( 95 , 86 ) height= 5
visible tree (row,col) ( 95 , 96 ) height= 5
visible tree (row,col) ( 95 , 97 ) height= 5
visible tree (row,col) ( 95 , 98 ) height= 2
visible tree (row,col) ( 96 , 8 ) height= 5
visible tree (row,col) ( 96 , 14 ) height= 5
visible tree (row,col) ( 96 , 15 ) height= 4
visible tree (row,col) ( 96 , 17 ) height= 6
visible tree (row,col) ( 96 , 21 ) height= 4
visible tree (row,col) ( 96 , 31 ) height= 7
visible tree (row,col) ( 96 , 32 ) height= 5
visible tree (row,col) ( 96 , 35 ) height= 7
visible tree (row,col) ( 96 , 36 ) height= 7
visible tree (row,col) ( 96 , 37 ) height= 5
visible tree (row,col) ( 96 , 41 ) height= 7
visible tree (row,col) ( 96 , 42 ) height= 7
visible tree (row,col) ( 96 , 46 ) height= 7
visible tree (row,col) ( 96 , 56 ) height= 7
visible tree (row,col) ( 96 , 59 ) height= 4
visible tree (row,col) ( 96 , 61 ) height= 7
visible tree (row,col) ( 96 , 64 ) height= 7
visible tree (row,col) ( 96 , 66 ) height= 5
visible tree (row,col) ( 96 , 73 ) height= 7
visible tree (row,col) ( 96 , 74 ) height= 5
visible tree (row,col) ( 96 , 76 ) height= 5
visible tree (row,col) ( 96 , 77 ) height= 6
visible tree (row,col) ( 96 , 84 ) height= 3
visible tree (row,col) ( 96 , 85 ) height= 6
visible tree (row,col) ( 96 , 86 ) height= 6
visible tree (row,col) ( 96 , 87 ) height= 5
visible tree (row,col) ( 97 , 3 ) height= 2
visible tree (row,col) ( 97 , 6 ) height= 4
visible tree (row,col) ( 97 , 7 ) height= 5
visible tree (row,col) ( 97 , 8 ) height= 5
visible tree (row,col) ( 97 , 14 ) height= 5
visible tree (row,col) ( 97 , 15 ) height= 5
visible tree (row,col) ( 97 , 16 ) height= 5
visible tree (row,col) ( 97 , 20 ) height= 6
visible tree (row,col) ( 97 , 21 ) height= 5
visible tree (row,col) ( 97 , 28 ) height= 6
visible tree (row,col) ( 97 , 32 ) height= 5
visible tree (row,col) ( 97 , 36 ) height= 7
visible tree (row,col) ( 97 , 37 ) height= 3
visible tree (row,col) ( 97 , 39 ) height= 4
visible tree (row,col) ( 97 , 40 ) height= 7
visible tree (row,col) ( 97 , 41 ) height= 5
visible tree (row,col) ( 97 , 46 ) height= 4
visible tree (row,col) ( 97 , 47 ) height= 7
visible tree (row,col) ( 97 , 54 ) height= 6
visible tree (row,col) ( 97 , 59 ) height= 6
visible tree (row,col) ( 97 , 61 ) height= 7
visible tree (row,col) ( 97 , 62 ) height= 3
visible tree (row,col) ( 97 , 63 ) height= 4
visible tree (row,col) ( 97 , 66 ) height= 6
visible tree (row,col) ( 97 , 68 ) height= 7
visible tree (row,col) ( 97 , 71 ) height= 7
visible tree (row,col) ( 97 , 73 ) height= 3
visible tree (row,col) ( 97 , 74 ) height= 4
visible tree (row,col) ( 97 , 77 ) height= 5
visible tree (row,col) ( 97 , 78 ) height= 2
visible tree (row,col) ( 97 , 81 ) height= 5
visible tree (row,col) ( 97 , 83 ) height= 4
visible tree (row,col) ( 97 , 85 ) height= 3
visible tree (row,col) ( 97 , 90 ) height= 5
visible tree (row,col) ( 97 , 92 ) height= 5
visible tree (row,col) ( 97 , 94 ) height= 4
visible tree (row,col) ( 97 , 96 ) height= 5
visible tree (row,col) ( 97 , 98 ) height= 4
visible tree (row,col) ( 98 , 2 ) height= 3
visible tree (row,col) ( 98 , 3 ) height= 4
visible tree (row,col) ( 98 , 9 ) height= 5
visible tree (row,col) ( 98 , 11 ) height= 5
visible tree (row,col) ( 98 , 14 ) height= 4
visible tree (row,col) ( 98 , 17 ) height= 3
visible tree (row,col) ( 98 , 19 ) height= 6
visible tree (row,col) ( 98 , 21 ) height= 5
visible tree (row,col) ( 98 , 28 ) height= 6
visible tree (row,col) ( 98 , 29 ) height= 6
visible tree (row,col) ( 98 , 32 ) height= 2
visible tree (row,col) ( 98 , 35 ) height= 6
visible tree (row,col) ( 98 , 40 ) height= 7
visible tree (row,col) ( 98 , 42 ) height= 3
visible tree (row,col) ( 98 , 44 ) height= 4
visible tree (row,col) ( 98 , 46 ) height= 5
visible tree (row,col) ( 98 , 49 ) height= 4
visible tree (row,col) ( 98 , 54 ) height= 4
visible tree (row,col) ( 98 , 59 ) height= 5
visible tree (row,col) ( 98 , 60 ) height= 6
visible tree (row,col) ( 98 , 61 ) height= 2
visible tree (row,col) ( 98 , 62 ) height= 1
visible tree (row,col) ( 98 , 63 ) height= 4
visible tree (row,col) ( 98 , 66 ) height= 5
visible tree (row,col) ( 98 , 68 ) height= 7
visible tree (row,col) ( 98 , 69 ) height= 5
visible tree (row,col) ( 98 , 70 ) height= 4
visible tree (row,col) ( 98 , 73 ) height= 2
visible tree (row,col) ( 98 , 74 ) height= 6
visible tree (row,col) ( 98 , 77 ) height= 5
visible tree (row,col) ( 98 , 78 ) height= 2
visible tree (row,col) ( 98 , 81 ) height= 5
visible tree (row,col) ( 98 , 82 ) height= 6
visible tree (row,col) ( 98 , 83 ) height= 6
visible tree (row,col) ( 98 , 84 ) height= 2
visible tree (row,col) ( 98 , 85 ) height= 4
visible tree (row,col) ( 98 , 88 ) height= 3
visible tree (row,col) ( 98 , 93 ) height= 4
visible tree (row,col) ( 98 , 97 ) height= 4
visible tree (row,col) ( 98 , 98 ) height= 4
visible 1550
